102_洪皓.json 北京 MaybeAForeignCountry.
102_洪皓.json 北京 MaybeAForeignCountry.
103_释宗杲.json 松江 MaybeAForeignCountry.
103_释宗杲.json 松江 MaybeAForeignCountry.
108_张元干.json 松江 MaybeAForeignCountry.
108_张元干.json 松江 MaybeAForeignCountry.
10_高适.json 北京 MaybeAForeignCountry.
10_高适.json 北京 MaybeAForeignCountry.
10_高适.json 昌平 MaybeAForeignCountry.
10_高适.json 昌平 MaybeAForeignCountry.
10_高适.json 北京 MaybeAForeignCountry.
10_高适.json 昌平 MaybeAForeignCountry.
112_陈康伯.json 济源 MaybeAForeignCountry.
112_陈康伯.json 济源 MaybeAForeignCountry.
116_洪适.json 北京 MaybeAForeignCountry.
116_洪适.json 北京 MaybeAForeignCountry.
124_杨万里.json 松江 MaybeAForeignCountry.
124_杨万里.json 松江 MaybeAForeignCountry.
12_李白.json 托克马克 MaybeAForeignCountry.
12_李白.json 重庆 MaybeAForeignCountry.
12_李白.json 重庆 MaybeAForeignCountry.
12_李白.json 巫山 MaybeAForeignCountry.
12_李白.json 大兴 MaybeAForeignCountry.
12_李白.json 巫山 MaybeAForeignCountry.
12_李白.json 奉节 MaybeAForeignCountry.
12_李白.json 托克马克 MaybeAForeignCountry.
12_李白.json 重庆 MaybeAForeignCountry.
12_李白.json 巫山 MaybeAForeignCountry.
12_李白.json 大兴 MaybeAForeignCountry.
12_李白.json 奉节 MaybeAForeignCountry.
12_李白.json 白帝城 MaybeAForeignCountry.
130_丘崇.json 松江 MaybeAForeignCountry.
130_丘崇.json 松江 MaybeAForeignCountry.
130_丘崇.json 北京 MaybeAForeignCountry.
130_丘崇.json 松江 MaybeAForeignCountry.
130_丘崇.json 北京 MaybeAForeignCountry.
131_王质.json 奉节 MaybeAForeignCountry.
131_王质.json 涪陵 MaybeAForeignCountry.
131_王质.json 云阳 MaybeAForeignCountry.
131_王质.json 奉节 MaybeAForeignCountry.
131_王质.json 奉节 MaybeAForeignCountry.
131_王质.json 涪陵 MaybeAForeignCountry.
131_王质.json 云阳 MaybeAForeignCountry.
139_李壁.json 北京 MaybeAForeignCountry.
139_李壁.json 北京 MaybeAForeignCountry.
13_杜甫.json 重庆 MaybeAForeignCountry.
13_杜甫.json 忠县 MaybeAForeignCountry.
13_杜甫.json 云阳 MaybeAForeignCountry.
13_杜甫.json 奉节 MaybeAForeignCountry.
13_杜甫.json 巫山 MaybeAForeignCountry.
13_杜甫.json 重庆 MaybeAForeignCountry.
13_杜甫.json 忠县 MaybeAForeignCountry.
13_杜甫.json 云阳 MaybeAForeignCountry.
13_杜甫.json 奉节 MaybeAForeignCountry.
13_杜甫.json 巫山 MaybeAForeignCountry.
13_杜甫.json 白帝城 MaybeAForeignCountry.
140_李埴.json 奉节 MaybeAForeignCountry.
140_李埴.json 奉节 MaybeAForeignCountry.
152_谢枋得.json 北京 MaybeAForeignCountry.
152_谢枋得.json 北京 MaybeAForeignCountry.
154_文天祥.json 徐水 MaybeAForeignCountry.
154_文天祥.json 北京 MaybeAForeignCountry.
154_文天祥.json 徐水 MaybeAForeignCountry.
154_文天祥.json 北京 MaybeAForeignCountry.
155_张炎.json 北京 MaybeAForeignCountry.
155_张炎.json 北京 MaybeAForeignCountry.
15_岑参.json 济源 MaybeAForeignCountry.
15_岑参.json 济源 MaybeAForeignCountry.
19_孟郊.json 仙桃 MaybeAForeignCountry.
19_孟郊.json 巫山 MaybeAForeignCountry.
19_孟郊.json 仙桃 MaybeAForeignCountry.
19_孟郊.json 济源 MaybeAForeignCountry.
19_孟郊.json 仙桃 MaybeAForeignCountry.
19_孟郊.json 巫山 MaybeAForeignCountry.
19_孟郊.json 济源 MaybeAForeignCountry.
19_孟郊.json 巫峡 MaybeAForeignCountry.
26_张彻.json 丰台 MaybeAForeignCountry.
26_张彻.json 丰台 MaybeAForeignCountry.
29_李德裕.json 忠县 MaybeAForeignCountry.
29_李德裕.json 忠县 MaybeAForeignCountry.
2_卢照邻.json 蒙古 MaybeAForeignCountry.
2_卢照邻.json 乌兰巴托北 MaybeAForeignCountry.
2_卢照邻.json 蒙古 MaybeAForeignCountry.
2_卢照邻.json 乌兰巴托北 MaybeAForeignCountry.
36_李频.json 彭水 MaybeAForeignCountry.
36_李频.json 彭水 MaybeAForeignCountry.
39_贯休.json 蓟县 MaybeAForeignCountry.
39_贯休.json 涪陵 MaybeAForeignCountry.
39_贯休.json 彭水 MaybeAForeignCountry.
39_贯休.json 重庆 MaybeAForeignCountry.
39_贯休.json 蓟县 MaybeAForeignCountry.
39_贯休.json 涪陵 MaybeAForeignCountry.
39_贯休.json 彭水 MaybeAForeignCountry.
39_贯休.json 重庆 MaybeAForeignCountry.
39_贯休.json 缙云山 MaybeAForeignCountry.
40_罗隐.json 巫山 MaybeAForeignCountry.
40_罗隐.json 合川 MaybeAForeignCountry.
40_罗隐.json 蓟县 MaybeAForeignCountry.
40_罗隐.json 巫山 MaybeAForeignCountry.
40_罗隐.json 合川 MaybeAForeignCountry.
40_罗隐.json 蓟县 MaybeAForeignCountry.
41_皮日休.json 天门 MaybeAForeignCountry.
41_皮日休.json 天门 MaybeAForeignCountry.
41_皮日休.json 天门 MaybeAForeignCountry.
41_皮日休.json 天门 MaybeAForeignCountry.
45_郑谷.json 涪陵 MaybeAForeignCountry.
45_郑谷.json 万州 MaybeAForeignCountry.
45_郑谷.json 奉节 MaybeAForeignCountry.
45_郑谷.json 奉节 MaybeAForeignCountry.
45_郑谷.json 巫山 MaybeAForeignCountry.
45_郑谷.json 涪陵 MaybeAForeignCountry.
45_郑谷.json 万州 MaybeAForeignCountry.
45_郑谷.json 奉节 MaybeAForeignCountry.
45_郑谷.json 巫山 MaybeAForeignCountry.
46_崔涂.json 奉节 MaybeAForeignCountry.
46_崔涂.json 合川 MaybeAForeignCountry.
46_崔涂.json 巫山 MaybeAForeignCountry.
46_崔涂.json 奉节 MaybeAForeignCountry.
46_崔涂.json 合川 MaybeAForeignCountry.
46_崔涂.json 巫山 MaybeAForeignCountry.
47_徐铉.json 北京 MaybeAForeignCountry.
47_徐铉.json 北京 MaybeAForeignCountry.
4_杨炯.json 奉节 MaybeAForeignCountry.
4_杨炯.json 奉节 MaybeAForeignCountry.
4_杨炯.json 三峡 MaybeAForeignCountry.
51_丁谓.json 奉节 MaybeAForeignCountry.
51_丁谓.json 奉节 MaybeAForeignCountry.
55_张先.json 重庆 MaybeAForeignCountry.
55_张先.json 重庆 MaybeAForeignCountry.
56_宋庠.json 北京 MaybeAForeignCountry.
56_宋庠.json 北京 MaybeAForeignCountry.
59_富弼.json 万州 MaybeAForeignCountry.
59_富弼.json 万州 MaybeAForeignCountry.
5_王勃.json 越南河内 MaybeAForeignCountry.
5_王勃.json 越南河内 MaybeAForeignCountry.
61_张方平.json 北京 MaybeAForeignCountry.
61_张方平.json 北京 MaybeAForeignCountry.
63_赵抃.json 万州 MaybeAForeignCountry.
63_赵抃.json 忠县 MaybeAForeignCountry.
63_赵抃.json 万州 MaybeAForeignCountry.
63_赵抃.json 忠县 MaybeAForeignCountry.
64_苏洵.json 奉节 MaybeAForeignCountry.
64_苏洵.json 重庆 MaybeAForeignCountry.
64_苏洵.json 涪陵 MaybeAForeignCountry.
64_苏洵.json 丰都 MaybeAForeignCountry.
64_苏洵.json 万州 MaybeAForeignCountry.
64_苏洵.json 奉节 MaybeAForeignCountry.
64_苏洵.json 巫山 MaybeAForeignCountry.
64_苏洵.json 奉节 MaybeAForeignCountry.
64_苏洵.json 重庆 MaybeAForeignCountry.
64_苏洵.json 涪陵 MaybeAForeignCountry.
64_苏洵.json 丰都 MaybeAForeignCountry.
64_苏洵.json 万州 MaybeAForeignCountry.
64_苏洵.json 巫山 MaybeAForeignCountry.
64_苏洵.json 三峡 MaybeAForeignCountry.
64_苏洵.json 白帝庙 MaybeAForeignCountry.
66_苏颂.json 天门 MaybeAForeignCountry.
66_苏颂.json 天门 MaybeAForeignCountry.
72_吕陶.json 铜梁 MaybeAForeignCountry.
72_吕陶.json 铜梁 MaybeAForeignCountry.
76_程颐.json 合川 MaybeAForeignCountry.
76_程颐.json 涪陵 MaybeAForeignCountry.
76_程颐.json 合川 MaybeAForeignCountry.
76_程颐.json 涪陵 MaybeAForeignCountry.
77_苏轼.json 重庆 MaybeAForeignCountry.
77_苏轼.json 涪陵 MaybeAForeignCountry.
77_苏轼.json 丰都 MaybeAForeignCountry.
77_苏轼.json 忠县 MaybeAForeignCountry.
77_苏轼.json 万州 MaybeAForeignCountry.
77_苏轼.json 奉节 MaybeAForeignCountry.
77_苏轼.json 巫山 MaybeAForeignCountry.
77_苏轼.json 云阳 MaybeAForeignCountry.
77_苏轼.json 丰都 MaybeAForeignCountry.
77_苏轼.json 重庆 MaybeAForeignCountry.
77_苏轼.json 青浦 MaybeAForeignCountry.
77_苏轼.json 陵水 MaybeAForeignCountry.
77_苏轼.json 澄迈 MaybeAForeignCountry.
77_苏轼.json 重庆 MaybeAForeignCountry.
77_苏轼.json 涪陵 MaybeAForeignCountry.
77_苏轼.json 丰都 MaybeAForeignCountry.
77_苏轼.json 忠县 MaybeAForeignCountry.
77_苏轼.json 万州 MaybeAForeignCountry.
77_苏轼.json 奉节 MaybeAForeignCountry.
77_苏轼.json 巫山 MaybeAForeignCountry.
77_苏轼.json 云阳 MaybeAForeignCountry.
77_苏轼.json 青浦 MaybeAForeignCountry.
77_苏轼.json 陵水 MaybeAForeignCountry.
77_苏轼.json 澄迈 MaybeAForeignCountry.
77_苏轼.json 白帝庙 MaybeAForeignCountry.
77_苏轼.json 神女庙 MaybeAForeignCountry.
77_苏轼.json 峻灵王庙 MaybeAForeignCountry.
79_苏辙.json 重庆 MaybeAForeignCountry.
79_苏辙.json 涪陵 MaybeAForeignCountry.
79_苏辙.json 丰都 MaybeAForeignCountry.
79_苏辙.json 忠县 MaybeAForeignCountry.
79_苏辙.json 奉节 MaybeAForeignCountry.
79_苏辙.json 巫山 MaybeAForeignCountry.
79_苏辙.json 云阳 MaybeAForeignCountry.
79_苏辙.json 丰都 MaybeAForeignCountry.
79_苏辙.json 北京 MaybeAForeignCountry.
79_苏辙.json 密云 MaybeAForeignCountry.
79_苏辙.json 北京 MaybeAForeignCountry.
79_苏辙.json 重庆 MaybeAForeignCountry.
79_苏辙.json 涪陵 MaybeAForeignCountry.
79_苏辙.json 丰都 MaybeAForeignCountry.
79_苏辙.json 忠县 MaybeAForeignCountry.
79_苏辙.json 奉节 MaybeAForeignCountry.
79_苏辙.json 巫山 MaybeAForeignCountry.
79_苏辙.json 云阳 MaybeAForeignCountry.
79_苏辙.json 北京 MaybeAForeignCountry.
79_苏辙.json 密云 MaybeAForeignCountry.
79_苏辙.json 西山 MaybeAForeignCountry.
7_沈佺期.json 巫山 MaybeAForeignCountry.
7_沈佺期.json 重庆 MaybeAForeignCountry.
7_沈佺期.json 北宁 MaybeAForeignCountry.
7_沈佺期.json 清化 MaybeAForeignCountry.
7_沈佺期.json 荣市 MaybeAForeignCountry.
7_沈佺期.json 文昌 MaybeAForeignCountry.
7_沈佺期.json 巫山 MaybeAForeignCountry.
7_沈佺期.json 重庆 MaybeAForeignCountry.
7_沈佺期.json 北宁 MaybeAForeignCountry.
7_沈佺期.json 清化 MaybeAForeignCountry.
7_沈佺期.json 荣市 MaybeAForeignCountry.
7_沈佺期.json 文昌 MaybeAForeignCountry.
7_沈佺期.json 神女庙 MaybeAForeignCountry.
7_沈佺期.json 龙门峡 MaybeAForeignCountry.
82_黄庭坚.json 巫山 MaybeAForeignCountry.
82_黄庭坚.json 云阳 MaybeAForeignCountry.
82_黄庭坚.json 彭水 MaybeAForeignCountry.
82_黄庭坚.json 涪陵 MaybeAForeignCountry.
82_黄庭坚.json 万州 MaybeAForeignCountry.
82_黄庭坚.json 巫山 MaybeAForeignCountry.
82_黄庭坚.json 巫山 MaybeAForeignCountry.
82_黄庭坚.json 云阳 MaybeAForeignCountry.
82_黄庭坚.json 彭水 MaybeAForeignCountry.
82_黄庭坚.json 涪陵 MaybeAForeignCountry.
82_黄庭坚.json 万州 MaybeAForeignCountry.
8_孟浩然.json 昌平 MaybeAForeignCountry.
8_孟浩然.json 昌平 MaybeAForeignCountry.
92_惠洪.json 万宁 MaybeAForeignCountry.
92_惠洪.json 陵水 MaybeAForeignCountry.
92_惠洪.json 澄迈 MaybeAForeignCountry.
92_惠洪.json 万宁 MaybeAForeignCountry.
92_惠洪.json 陵水 MaybeAForeignCountry.
92_惠洪.json 澄迈 MaybeAForeignCountry.
94_程俱.json 松江 MaybeAForeignCountry.
94_程俱.json 松江 MaybeAForeignCountry.
95_宇文虚中.json 北京 MaybeAForeignCountry.
95_宇文虚中.json 北京 MaybeAForeignCountry.
95_宇文虚中.json 北京 MaybeAForeignCountry.
96_王灼.json 奉节 MaybeAForeignCountry.
96_王灼.json 奉节 MaybeAForeignCountry.