101_蔡伸.json 殷墟 DontHaveDetailField.
103_释宗杲.json 虎丘 DontHaveDetailField.
104_王以宁.json 栖霞楼 DontHaveDetailField.
104_王以宁.json 岳阳楼 DontHaveDetailField.
104_王以宁.json 沩山 DontHaveDetailField.
106_陈与义.json 雁荡山 DontHaveDetailField.
108_张元干.json 庐山 DontHaveDetailField.
108_张元干.json 惠山寺 DontHaveDetailField.
108_张元干.json 西湖 DontHaveDetailField.
108_张元干.json 太湖 DontHaveDetailField.
108_张元干.json 雪峰寺 DontHaveDetailField.
108_张元干.json 鼓山 DontHaveDetailField.
108_张元干.json 雪峰山 DontHaveDetailField.
108_张元干.json 虎丘 DontHaveDetailField.
109_邓肃.json 庐山 DontHaveDetailField.
109_邓肃.json 鼓山 DontHaveDetailField.
110_王铚.json 庐山 DontHaveDetailField.
110_王铚.json 采石矶 DontHaveDetailField.
110_王铚.json 剡溪 DontHaveDetailField.
114_黄公度.json 七星岩 DontHaveDetailField.
117_曾协.json 浯溪 DontHaveDetailField.
11_王维.json 泰山 DontHaveDetailField.
11_王维.json 嵩山 DontHaveDetailField.
11_王维.json 庐山 DontHaveDetailField.
11_王维.json 终南山 DontHaveDetailField.
121_尤袤.json 径山寺 DontHaveDetailField.
121_尤袤.json 西湖 DontHaveDetailField.
121_尤袤.json 东湖 DontHaveDetailField.
121_尤袤.json 青山 DontHaveDetailField.
121_尤袤.json 张公洞 DontHaveDetailField.
121_尤袤.json 茅山 DontHaveDetailField.
121_尤袤.json 庐山 DontHaveDetailField.
121_尤袤.json 净慈寺 DontHaveDetailField.
123_王明清.json 西湖 DontHaveDetailField.
123_王明清.json 剡溪 DontHaveDetailField.
123_王明清.json 天台山 DontHaveDetailField.
124_杨万里.json 庙山 DontHaveDetailField.
124_杨万里.json 西山 DontHaveDetailField.
124_杨万里.json 灵山 DontHaveDetailField.
124_杨万里.json 惠山 DontHaveDetailField.
124_杨万里.json 快阁 DontHaveDetailField.
124_杨万里.json 曹溪 DontHaveDetailField.
124_杨万里.json 鄱阳湖 DontHaveDetailField.
124_杨万里.json 金山 DontHaveDetailField.
124_杨万里.json 太湖 DontHaveDetailField.
124_杨万里.json 双溪 DontHaveDetailField.
124_杨万里.json 庐山 DontHaveDetailField.
124_杨万里.json 石钟山 DontHaveDetailField.
124_杨万里.json 慈湖 DontHaveDetailField.
126_张孝祥.json 庐山 DontHaveDetailField.
126_张孝祥.json 丹阳湖 DontHaveDetailField.
126_张孝祥.json 青山 DontHaveDetailField.
126_张孝祥.json 南溪山 DontHaveDetailField.
126_张孝祥.json 浯溪 DontHaveDetailField.
126_张孝祥.json 衡山 DontHaveDetailField.
126_张孝祥.json 洞庭湖 DontHaveDetailField.
126_张孝祥.json 琵琶亭 DontHaveDetailField.
126_张孝祥.json 金山寺 DontHaveDetailField.
126_张孝祥.json 岳阳楼 DontHaveDetailField.
127_张栻.json 衡山 DontHaveDetailField.
127_张栻.json 龙山 DontHaveDetailField.
12_李白.json 峨眉山 DontHaveDetailField.
12_李白.json 荆门山 DontHaveDetailField.
12_李白.json 洞庭湖 DontHaveDetailField.
12_李白.json 庐山 DontHaveDetailField.
12_李白.json 天门山 DontHaveDetailField.
12_李白.json 岘山 DontHaveDetailField.
12_李白.json 鹦鹉洲 DontHaveDetailField.
12_李白.json 黄鹤楼 DontHaveDetailField.
12_李白.json 玉女泉 DontHaveDetailField.
12_李白.json 终南山 DontHaveDetailField.
12_李白.json 嵩山 DontHaveDetailField.
12_李白.json 香山寺 DontHaveDetailField.
12_李白.json 雁门关 DontHaveDetailField.
12_李白.json 天竺寺 DontHaveDetailField.
12_李白.json 徂徕山 DontHaveDetailField.
12_李白.json 泰山 DontHaveDetailField.
12_李白.json 骊山 DontHaveDetailField.
12_李白.json 姑苏台 DontHaveDetailField.
12_李白.json 天台山 DontHaveDetailField.
12_李白.json 东林寺 DontHaveDetailField.
12_李白.json 敬亭山 DontHaveDetailField.
12_李白.json 白鹭洲 DontHaveDetailField.
12_李白.json 桃花潭 DontHaveDetailField.
12_李白.json 皖公山 DontHaveDetailField.
12_李白.json 西塞山 DontHaveDetailField.
12_李白.json 白帝城 DontHaveDetailField.
12_李白.json 岳阳楼 DontHaveDetailField.
12_李白.json 九疑山 DontHaveDetailField.
12_李白.json 蛇山 DontHaveDetailField.
131_王质.json 隆中 DontHaveDetailField.
131_王质.json 庐山 DontHaveDetailField.
132_唐仲友.json 八咏楼 DontHaveDetailField.
134_陈傅良.json 仙岩 DontHaveDetailField.
134_陈傅良.json 鼓山 DontHaveDetailField.
134_陈傅良.json 南塘 DontHaveDetailField.
136_辛弃疾.json 钟山 DontHaveDetailField.
136_辛弃疾.json 赏心亭 DontHaveDetailField.
136_辛弃疾.json 冷泉亭 DontHaveDetailField.
136_辛弃疾.json 采石矶 DontHaveDetailField.
136_辛弃疾.json 南楼 DontHaveDetailField.
136_辛弃疾.json 东湖 DontHaveDetailField.
136_辛弃疾.json 滕王阁 DontHaveDetailField.
136_辛弃疾.json 南岩 DontHaveDetailField.
136_辛弃疾.json 鹅湖 DontHaveDetailField.
136_辛弃疾.json 武夷精舍 DontHaveDetailField.
136_辛弃疾.json 西湖 DontHaveDetailField.
136_辛弃疾.json 灵山 DontHaveDetailField.
136_辛弃疾.json 北固亭 DontHaveDetailField.
137_叶适.json 雁荡山 DontHaveDetailField.
137_叶适.json 齐云楼 DontHaveDetailField.
137_叶适.json 虎丘 DontHaveDetailField.
137_叶适.json 秦淮河 DontHaveDetailField.
138_刘过.json 西湖 DontHaveDetailField.
138_刘过.json 黄鹤楼 DontHaveDetailField.
138_刘过.json 采石矶 DontHaveDetailField.
138_刘过.json 凤凰台 DontHaveDetailField.
138_刘过.json 赏心亭 DontHaveDetailField.
138_刘过.json 白鹭洲 DontHaveDetailField.
138_刘过.json 惠山 DontHaveDetailField.
138_刘过.json 凤凰山 DontHaveDetailField.
138_刘过.json 多景楼 DontHaveDetailField.
13_杜甫.json 鉴湖 DontHaveDetailField.
13_杜甫.json 剡溪 DontHaveDetailField.
13_杜甫.json 天姥山 DontHaveDetailField.
13_杜甫.json 泰山 DontHaveDetailField.
13_杜甫.json 白帝城 DontHaveDetailField.
13_杜甫.json 岳阳楼 DontHaveDetailField.
13_杜甫.json 衡山 DontHaveDetailField.
13_杜甫.json 洞庭湖 DontHaveDetailField.
141_施宿.json 虎丘 DontHaveDetailField.
142_戴复古.json 黄鹤楼 DontHaveDetailField.
142_戴复古.json 凤凰台 DontHaveDetailField.
142_戴复古.json 庐山 DontHaveDetailField.
142_戴复古.json 东湖 DontHaveDetailField.
148_吴潜.json 东园 DontHaveDetailField.
148_吴潜.json 滕王阁 DontHaveDetailField.
148_吴潜.json 灵岩寺 DontHaveDetailField.
148_吴潜.json 齐云楼 DontHaveDetailField.
148_吴潜.json 沧浪亭 DontHaveDetailField.
148_吴潜.json 赵园 DontHaveDetailField.
148_吴潜.json 焦山 DontHaveDetailField.
148_吴潜.json 多景楼 DontHaveDetailField.
148_吴潜.json 雨花台 DontHaveDetailField.
148_吴潜.json 镇海楼 DontHaveDetailField.
149_吴文英.json 惠山 DontHaveDetailField.
149_吴文英.json 齐云楼 DontHaveDetailField.
149_吴文英.json 枫桥 DontHaveDetailField.
149_吴文英.json 虎丘 DontHaveDetailField.
149_吴文英.json 沧浪亭 DontHaveDetailField.
149_吴文英.json 承天寺 DontHaveDetailField.
149_吴文英.json 姑苏台 DontHaveDetailField.
149_吴文英.json 望湖楼 DontHaveDetailField.
149_吴文英.json 丰乐楼 DontHaveDetailField.
149_吴文英.json 西湖 DontHaveDetailField.
151_舒岳祥.json 雁苍山 DontHaveDetailField.
152_谢枋得.json 小孤山 DontHaveDetailField.
153_刘辰翁.json 芝山 DontHaveDetailField.
154_文天祥.json 独松关 DontHaveDetailField.
154_文天祥.json 南华寺 DontHaveDetailField.
154_文天祥.json 采石矶 DontHaveDetailField.
155_张炎.json 西湖 DontHaveDetailField.
155_张炎.json 张公洞 DontHaveDetailField.
15_岑参.json 函谷关 DontHaveDetailField.
15_岑参.json 仙游寺 DontHaveDetailField.
15_岑参.json 终南山 DontHaveDetailField.
15_岑参.json 华严寺 DontHaveDetailField.
15_岑参.json 玉门关 DontHaveDetailField.
15_岑参.json 青龙寺 DontHaveDetailField.
15_岑参.json 武侯祠 DontHaveDetailField.
15_岑参.json 万里桥 DontHaveDetailField.
15_岑参.json 凌云寺 DontHaveDetailField.
15_岑参.json 峨眉山 DontHaveDetailField.
18_韦应物.json 马嵬驿 DontHaveDetailField.
18_韦应物.json 浔阳楼 DontHaveDetailField.
19_孟郊.json 嵩山 DontHaveDetailField.
19_孟郊.json 终南山 DontHaveDetailField.
19_孟郊.json 华严寺 DontHaveDetailField.
19_孟郊.json 淮河 DontHaveDetailField.
19_孟郊.json 灵岩山 DontHaveDetailField.
19_孟郊.json 岘山 DontHaveDetailField.
19_孟郊.json 巫峡 DontHaveDetailField.
19_孟郊.json 汨罗江 DontHaveDetailField.
19_孟郊.json 衡山 DontHaveDetailField.
19_孟郊.json 洞庭湖 DontHaveDetailField.
1_王绩.json 庐山 DontHaveDetailField.
22_韩愈.json 中条山 DontHaveDetailField.
22_韩愈.json 华山 DontHaveDetailField.
22_韩愈.json 汨罗江 DontHaveDetailField.
22_韩愈.json 九嶷山 DontHaveDetailField.
22_韩愈.json 合江亭 DontHaveDetailField.
22_韩愈.json 衡山 DontHaveDetailField.
22_韩愈.json 岳阳楼 DontHaveDetailField.
22_韩愈.json 终南山 DontHaveDetailField.
22_韩愈.json 青龙寺 DontHaveDetailField.
22_韩愈.json 鸿沟 DontHaveDetailField.
22_韩愈.json 武关 DontHaveDetailField.
23_柳宗元.json 湘江 DontHaveDetailField.
23_柳宗元.json 衡山 DontHaveDetailField.
23_柳宗元.json 汨罗江 DontHaveDetailField.
24_周贺.json 庐山 DontHaveDetailField.
25_姚合.json 岘山 DontHaveDetailField.
25_姚合.json 嵩山 DontHaveDetailField.
27_贾岛.json 香山寺 DontHaveDetailField.
27_贾岛.json 青龙寺 DontHaveDetailField.
27_贾岛.json 灵隐寺 DontHaveDetailField.
29_李德裕.json 剑门关 DontHaveDetailField.
29_李德裕.json 大孤山 DontHaveDetailField.
30_皇甫湜.json 嵩山 DontHaveDetailField.
31_李贺.json 华山 DontHaveDetailField.
31_李贺.json 太湖 DontHaveDetailField.
31_李贺.json 镜湖 DontHaveDetailField.
38_陆龟蒙.json 嵩山 DontHaveDetailField.
38_陆龟蒙.json 北固山 DontHaveDetailField.
39_贯休.json 庐山 DontHaveDetailField.
39_贯休.json 西山 DontHaveDetailField.
39_贯休.json 镜湖 DontHaveDetailField.
39_贯休.json 天台山 DontHaveDetailField.
39_贯休.json 雁荡山 DontHaveDetailField.
39_贯休.json 九华山 DontHaveDetailField.
39_贯休.json 鄱阳湖 DontHaveDetailField.
39_贯休.json 怀玉山 DontHaveDetailField.
39_贯休.json 商山 DontHaveDetailField.
39_贯休.json 玉门关 DontHaveDetailField.
39_贯休.json 钱塘江 DontHaveDetailField.
39_贯休.json 南华寺 DontHaveDetailField.
39_贯休.json 缙云山 DontHaveDetailField.
39_贯休.json 云顶山 DontHaveDetailField.
40_罗隐.json 华严寺 DontHaveDetailField.
40_罗隐.json 四顶山 DontHaveDetailField.
40_罗隐.json 武关 DontHaveDetailField.
40_罗隐.json 杜甫墓 DontHaveDetailField.
40_罗隐.json 霅溪 DontHaveDetailField.
40_罗隐.json 禅智寺 DontHaveDetailField.
40_罗隐.json 甘露寺 DontHaveDetailField.
40_罗隐.json 雁门关 DontHaveDetailField.
40_罗隐.json 九华山 DontHaveDetailField.
40_罗隐.json 秋浦 DontHaveDetailField.
40_罗隐.json 泾溪 DontHaveDetailField.
40_罗隐.json 石头城 DontHaveDetailField.
40_罗隐.json 升仙桥 DontHaveDetailField.
40_罗隐.json 南湖 DontHaveDetailField.
41_皮日休.json 鹿门山 DontHaveDetailField.
41_皮日休.json 华山 DontHaveDetailField.
41_皮日休.json 天竺寺 DontHaveDetailField.
42_司空图.json 中条山 DontHaveDetailField.
43_鱼玄机.json 武关 DontHaveDetailField.
43_鱼玄机.json 鹦鹉洲 DontHaveDetailField.
44_杜荀鹤.json 九华山 DontHaveDetailField.
44_杜荀鹤.json 庐山 DontHaveDetailField.
45_郑谷.json 岳阳楼 DontHaveDetailField.
45_郑谷.json 庐山 DontHaveDetailField.
45_郑谷.json 青龙寺 DontHaveDetailField.
45_郑谷.json 洞庭湖 DontHaveDetailField.
45_郑谷.json 中条山 DontHaveDetailField.
45_郑谷.json 嵩山 DontHaveDetailField.
45_郑谷.json 西陵峡 DontHaveDetailField.
45_郑谷.json 华山 DontHaveDetailField.
45_郑谷.json 仰山 DontHaveDetailField.
46_崔涂.json 鹦鹉洲 DontHaveDetailField.
46_崔涂.json 昭君村 DontHaveDetailField.
46_崔涂.json 屈原庙 DontHaveDetailField.
47_徐铉.json 西山 DontHaveDetailField.
47_徐铉.json 九华山 DontHaveDetailField.
49_王禹偁.json 南园 DontHaveDetailField.
49_王禹偁.json 琅琊山 DontHaveDetailField.
4_杨炯.json 三峡 DontHaveDetailField.
50_寇准.json 华山 DontHaveDetailField.
51_丁谓.json 泰山 DontHaveDetailField.
51_丁谓.json 虎丘 DontHaveDetailField.
52_林逋.json 采石矶 DontHaveDetailField.
52_林逋.json 灵隐寺 DontHaveDetailField.
53_杨亿.json 武夷山 DontHaveDetailField.
55_张先.json 有美堂 DontHaveDetailField.
55_张先.json 西湖 DontHaveDetailField.
56_宋庠.json 白兆山 DontHaveDetailField.
56_宋庠.json 大明寺 DontHaveDetailField.
57_包拯.json 七星岩 DontHaveDetailField.
59_富弼.json 云门山 DontHaveDetailField.
61_张方平.json 泰山 DontHaveDetailField.
61_张方平.json 钱塘江 DontHaveDetailField.
61_张方平.json 剑门关 DontHaveDetailField.
62_欧阳修.json 金山寺 DontHaveDetailField.
62_欧阳修.json 甘露寺 DontHaveDetailField.
62_欧阳修.json 琵琶亭 DontHaveDetailField.
62_欧阳修.json 嵩山 DontHaveDetailField.
62_欧阳修.json 洞庭湖 DontHaveDetailField.
62_欧阳修.json 至喜亭 DontHaveDetailField.
62_欧阳修.json 三游洞 DontHaveDetailField.
62_欧阳修.json 下牢溪 DontHaveDetailField.
62_欧阳修.json 岘山 DontHaveDetailField.
62_欧阳修.json 绛守居园池 DontHaveDetailField.
62_欧阳修.json 琅琊山 DontHaveDetailField.
62_欧阳修.json 丰乐亭 DontHaveDetailField.
62_欧阳修.json 醉翁亭 DontHaveDetailField.
62_欧阳修.json 西园 DontHaveDetailField.
63_赵抃.json 鹦鹉洲 DontHaveDetailField.
63_赵抃.json 剑门关 DontHaveDetailField.
63_赵抃.json 天台山 DontHaveDetailField.
63_赵抃.json 雁荡山 DontHaveDetailField.
63_赵抃.json 洞霄宫 DontHaveDetailField.
64_苏洵.json 峨眉山 DontHaveDetailField.
64_苏洵.json 三峡 DontHaveDetailField.
64_苏洵.json 华山 DontHaveDetailField.
64_苏洵.json 终南山 DontHaveDetailField.
64_苏洵.json 庐山 DontHaveDetailField.
64_苏洵.json 大圣慈寺 DontHaveDetailField.
64_苏洵.json 函谷关 DontHaveDetailField.
64_苏洵.json 白帝庙 DontHaveDetailField.
64_苏洵.json 三游洞 DontHaveDetailField.
64_苏洵.json 惠泉 DontHaveDetailField.
64_苏洵.json 万山 DontHaveDetailField.
65_吴中复.json 齐山 DontHaveDetailField.
65_吴中复.json 浣花溪 DontHaveDetailField.
65_吴中复.json 终南山 DontHaveDetailField.
67_冯京.json 潜山 DontHaveDetailField.
68_郑獬.json 西湖 DontHaveDetailField.
6_宋之问.json 嵩山 DontHaveDetailField.
6_宋之问.json 龙门山 DontHaveDetailField.
6_宋之问.json 汉水 DontHaveDetailField.
6_宋之问.json 荐福寺 DontHaveDetailField.
6_宋之问.json 北固山 DontHaveDetailField.
6_宋之问.json 虎丘山 DontHaveDetailField.
6_宋之问.json 钱塘江 DontHaveDetailField.
6_宋之问.json 天竺寺 DontHaveDetailField.
6_宋之问.json 禹庙 DontHaveDetailField.
6_宋之问.json 镜湖 DontHaveDetailField.
6_宋之问.json 云门寺 DontHaveDetailField.
6_宋之问.json 若耶溪 DontHaveDetailField.
6_宋之问.json 衡山 DontHaveDetailField.
6_宋之问.json 端溪 DontHaveDetailField.
6_宋之问.json 逍遥楼 DontHaveDetailField.
6_宋之问.json 越王台 DontHaveDetailField.
70_杨绘.json 天竺山 DontHaveDetailField.
70_杨绘.json 西湖 DontHaveDetailField.
74_王令.json 平山堂 DontHaveDetailField.
77_苏轼.json 大慈寺 DontHaveDetailField.
77_苏轼.json 函谷关 DontHaveDetailField.
77_苏轼.json 白帝庙 DontHaveDetailField.
77_苏轼.json 神女庙 DontHaveDetailField.
77_苏轼.json 昭君村 DontHaveDetailField.
77_苏轼.json 三游洞 DontHaveDetailField.
77_苏轼.json 惠泉 DontHaveDetailField.
77_苏轼.json 岘山 DontHaveDetailField.
77_苏轼.json 万山 DontHaveDetailField.
77_苏轼.json 东湖 DontHaveDetailField.
77_苏轼.json 终南山 DontHaveDetailField.
77_苏轼.json 太白山 DontHaveDetailField.
77_苏轼.json 周公庙 DontHaveDetailField.
77_苏轼.json 骊山 DontHaveDetailField.
77_苏轼.json 华山 DontHaveDetailField.
77_苏轼.json 涂山 DontHaveDetailField.
77_苏轼.json 龟山 DontHaveDetailField.
77_苏轼.json 洪泽湖 DontHaveDetailField.
77_苏轼.json 平山堂 DontHaveDetailField.
77_苏轼.json 金山寺 DontHaveDetailField.
77_苏轼.json 焦山 DontHaveDetailField.
77_苏轼.json 孤山 DontHaveDetailField.
77_苏轼.json 西湖 DontHaveDetailField.
77_苏轼.json 望湖楼 DontHaveDetailField.
77_苏轼.json 径山 DontHaveDetailField.
77_苏轼.json 安国寺 DontHaveDetailField.
77_苏轼.json 吴山 DontHaveDetailField.
77_苏轼.json 有美堂 DontHaveDetailField.
77_苏轼.json 风水洞 DontHaveDetailField.
77_苏轼.json 龙山 DontHaveDetailField.
77_苏轼.json 天竺寺 DontHaveDetailField.
77_苏轼.json 灵隐寺 DontHaveDetailField.
77_苏轼.json 玲珑山 DontHaveDetailField.
77_苏轼.json 洞霄宫 DontHaveDetailField.
77_苏轼.json 报恩寺 DontHaveDetailField.
77_苏轼.json 惠山 DontHaveDetailField.
77_苏轼.json 虎丘 DontHaveDetailField.
77_苏轼.json 净慈寺 DontHaveDetailField.
77_苏轼.json 定山 DontHaveDetailField.
77_苏轼.json 多景楼 DontHaveDetailField.
77_苏轼.json 甘露寺 DontHaveDetailField.
77_苏轼.json 超然台 DontHaveDetailField.
77_苏轼.json 云龙山 DontHaveDetailField.
77_苏轼.json 黄楼 DontHaveDetailField.
77_苏轼.json 霅溪 DontHaveDetailField.
77_苏轼.json 万松亭 DontHaveDetailField.
77_苏轼.json 西山 DontHaveDetailField.
77_苏轼.json 栖霞楼 DontHaveDetailField.
77_苏轼.json 寒溪 DontHaveDetailField.
77_苏轼.json 庐山 DontHaveDetailField.
77_苏轼.json 庐山瀑布 DontHaveDetailField.
77_苏轼.json 石钟山 DontHaveDetailField.
77_苏轼.json 蒜山 DontHaveDetailField.
77_苏轼.json 石塔寺 DontHaveDetailField.
77_苏轼.json 金线泉 DontHaveDetailField.
77_苏轼.json 金明池 DontHaveDetailField.
77_苏轼.json 龙井 DontHaveDetailField.
77_苏轼.json 韬光寺 DontHaveDetailField.
77_苏轼.json 风篁岭 DontHaveDetailField.
77_苏轼.json 大明寺 DontHaveDetailField.
77_苏轼.json 钟山 DontHaveDetailField.
77_苏轼.json 郁孤台 DontHaveDetailField.
77_苏轼.json 廉泉 DontHaveDetailField.
77_苏轼.json 尘外亭 DontHaveDetailField.
77_苏轼.json 韶石 DontHaveDetailField.
77_苏轼.json 南华寺 DontHaveDetailField.
77_苏轼.json 碧落洞 DontHaveDetailField.
77_苏轼.json 浴日亭 DontHaveDetailField.
77_苏轼.json 合江楼 DontHaveDetailField.
77_苏轼.json 汤泉 DontHaveDetailField.
77_苏轼.json 峻灵王庙 DontHaveDetailField.
77_苏轼.json 都峤山 DontHaveDetailField.
77_苏轼.json 何公桥 DontHaveDetailField.
79_苏辙.json 大慈寺 DontHaveDetailField.
79_苏辙.json 函谷关 DontHaveDetailField.
79_苏辙.json 昭君村 DontHaveDetailField.
79_苏辙.json 三游洞 DontHaveDetailField.
79_苏辙.json 惠泉 DontHaveDetailField.
79_苏辙.json 嵩山 DontHaveDetailField.
79_苏辙.json 云龙山 DontHaveDetailField.
79_苏辙.json 平山堂 DontHaveDetailField.
79_苏辙.json 金山 DontHaveDetailField.
79_苏辙.json 凤凰台 DontHaveDetailField.
79_苏辙.json 钟山 DontHaveDetailField.
79_苏辙.json 九华山 DontHaveDetailField.
79_苏辙.json 西山 DontHaveDetailField.
79_苏辙.json 滕王阁 DontHaveDetailField.
79_苏辙.json 庐山 DontHaveDetailField.
79_苏辙.json 西山 DontHaveDetailField.
79_苏辙.json 罗浮山 DontHaveDetailField.
7_沈佺期.json 神女庙 DontHaveDetailField.
7_沈佺期.json 龙门峡 DontHaveDetailField.
7_沈佺期.json 香山寺 DontHaveDetailField.
7_沈佺期.json 华山 DontHaveDetailField.
7_沈佺期.json 浈阳峡 DontHaveDetailField.
80_孔武仲.json 齐山 DontHaveDetailField.
80_孔武仲.json 九华山 DontHaveDetailField.
82_黄庭坚.json 庐山 DontHaveDetailField.
85_秦观.json 金山寺 DontHaveDetailField.
85_秦观.json 云龙山 DontHaveDetailField.
85_秦观.json 惠山 DontHaveDetailField.
85_秦观.json 庐山 DontHaveDetailField.
87_贺铸.json 戏马台 DontHaveDetailField.
87_贺铸.json 三山 DontHaveDetailField.
87_贺铸.json 采石矶 DontHaveDetailField.
87_贺铸.json 皖山 DontHaveDetailField.
87_贺铸.json 小孤山 DontHaveDetailField.
87_贺铸.json 焦山 DontHaveDetailField.
88_晁补之.json 采石矶 DontHaveDetailField.
88_晁补之.json 金山 DontHaveDetailField.
88_晁补之.json 平山堂 DontHaveDetailField.
88_晁补之.json 庐山 DontHaveDetailField.
88_晁补之.json 灵山 DontHaveDetailField.
88_晁补之.json 大孤山 DontHaveDetailField.
88_晁补之.json 华山 DontHaveDetailField.
89_陈瓘.json 月湖 DontHaveDetailField.
8_孟浩然.json 岘山 DontHaveDetailField.
8_孟浩然.json 鹿门山 DontHaveDetailField.
8_孟浩然.json 岳阳楼 DontHaveDetailField.
8_孟浩然.json 庐山 DontHaveDetailField.
8_孟浩然.json 鹦鹉洲 DontHaveDetailField.
8_孟浩然.json 鄱阳湖 DontHaveDetailField.
8_孟浩然.json 镜湖 DontHaveDetailField.
8_孟浩然.json 若耶溪 DontHaveDetailField.
8_孟浩然.json 万山 DontHaveDetailField.
90_晁说之.json 紫山 DontHaveDetailField.
90_晁说之.json 嵩山 DontHaveDetailField.
91_范寥.json 茅山 DontHaveDetailField.
92_惠洪.json 庐山 DontHaveDetailField.
92_惠洪.json 九峰山 DontHaveDetailField.
92_惠洪.json 衡山 DontHaveDetailField.
92_惠洪.json 疏山 DontHaveDetailField.
92_惠洪.json 潜山 DontHaveDetailField.
92_惠洪.json 净慈寺 DontHaveDetailField.
92_惠洪.json 灵隐寺 DontHaveDetailField.
92_惠洪.json 钟山 DontHaveDetailField.
92_惠洪.json 福严寺 DontHaveDetailField.
92_惠洪.json 焦山 DontHaveDetailField.
92_惠洪.json 西湖 DontHaveDetailField.
92_惠洪.json 孤山 DontHaveDetailField.
92_惠洪.json 祝融峰 DontHaveDetailField.
92_惠洪.json 南浦亭 DontHaveDetailField.
92_惠洪.json 滕王阁 DontHaveDetailField.
92_惠洪.json 方广寺 DontHaveDetailField.
92_惠洪.json 浯溪 DontHaveDetailField.
9_王昌龄.json 白鹿原 DontHaveDetailField.
9_王昌龄.json 华山 DontHaveDetailField.
9_王昌龄.json 梁园 DontHaveDetailField.
9_王昌龄.json 嵩山少林寺 DontHaveDetailField.
9_王昌龄.json 终南山 DontHaveDetailField.
9_王昌龄.json 洞庭湖 DontHaveDetailField.
9_王昌龄.json 青龙寺 DontHaveDetailField.
9_王昌龄.json 京岘山 DontHaveDetailField.
9_王昌龄.json 太湖 DontHaveDetailField.
9_王昌龄.json 钱塘江 DontHaveDetailField.
9_王昌龄.json 鄂渚 DontHaveDetailField.