[WARNING]: file 88_晁补之.json's marker 采石矶 don't have the Detail Field.
[WARNING]: file 88_晁补之.json's marker 金山 don't have the Detail Field.
[WARNING]: file 88_晁补之.json's marker 平山堂 don't have the Detail Field.
[WARNING]: file 88_晁补之.json's marker 庐山 don't have the Detail Field.
[WARNING]: file 88_晁补之.json's marker 灵山 don't have the Detail Field.
[WARNING]: file 88_晁补之.json's marker 大孤山 don't have the Detail Field.
[WARNING]: file 88_晁补之.json's marker 华山 don't have the Detail Field.
[WARNING]: file 89_陈瓘.json's marker 月湖 don't have the Detail Field.
[WARNING]: file 8_孟浩然.json's location 昌平 maybe a foreign country location.
[WARNING]: file 8_孟浩然.json's location 昌平 maybe a foreign country location.
[WARNING]: file 8_孟浩然.json's marker 岘山 don't have the Detail Field.
[WARNING]: file 8_孟浩然.json's marker 鹿门山 don't have the Detail Field.
[WARNING]: file 8_孟浩然.json's marker 岳阳楼 don't have the Detail Field.
[WARNING]: file 8_孟浩然.json's marker 庐山 don't have the Detail Field.
[WARNING]: file 8_孟浩然.json's marker 鹦鹉洲 don't have the Detail Field.
[WARNING]: file 8_孟浩然.json's marker 鄱阳湖 don't have the Detail Field.
[WARNING]: file 8_孟浩然.json's marker 镜湖 don't have the Detail Field.
[WARNING]: file 8_孟浩然.json's marker 若耶溪 don't have the Detail Field.
[WARNING]: file 8_孟浩然.json's marker 万山 don't have the Detail Field.
[WARNING]: file 90_晁说之.json's marker 紫山 don't have the Detail Field.
[WARNING]: file 90_晁说之.json's marker 嵩山 don't have the Detail Field.
[WARNING]: file 91_范寥.json's marker 茅山 don't have the Detail Field.
[WARNING]: file 92_惠洪.json's location 万宁 maybe a foreign country location.
[WARNING]: file 92_惠洪.json's location 陵水 maybe a foreign country location.
[WARNING]: file 92_惠洪.json's location 澄迈 maybe a foreign country location.
[WARNING]: file 92_惠洪.json's location 万宁 maybe a foreign country location.
[WARNING]: file 92_惠洪.json's location 陵水 maybe a foreign country location.
[WARNING]: file 92_惠洪.json's location 澄迈 maybe a foreign country location.
[WARNING]: file 92_惠洪.json's marker 庐山 don't have the Detail Field.
[WARNING]: file 92_惠洪.json's marker 九峰山 don't have the Detail Field.
[WARNING]: file 92_惠洪.json's marker 衡山 don't have the Detail Field.
[WARNING]: file 92_惠洪.json's marker 疏山 don't have the Detail Field.
[WARNING]: file 92_惠洪.json's marker 潜山 don't have the Detail Field.
[WARNING]: file 92_惠洪.json's marker 净慈寺 don't have the Detail Field.
[WARNING]: file 92_惠洪.json's marker 灵隐寺 don't have the Detail Field.
[WARNING]: file 92_惠洪.json's marker 钟山 don't have the Detail Field.
[WARNING]: file 92_惠洪.json's marker 福严寺 don't have the Detail Field.
[WARNING]: file 92_惠洪.json's marker 焦山 don't have the Detail Field.
[WARNING]: file 92_惠洪.json's marker 西湖 don't have the Detail Field.
[WARNING]: file 92_惠洪.json's marker 孤山 don't have the Detail Field.
[WARNING]: file 92_惠洪.json's marker 祝融峰 don't have the Detail Field.
[WARNING]: file 92_惠洪.json's marker 南浦亭 don't have the Detail Field.
[WARNING]: file 92_惠洪.json's marker 滕王阁 don't have the Detail Field.
[WARNING]: file 92_惠洪.json's marker 方广寺 don't have the Detail Field.
[WARNING]: file 92_惠洪.json's marker 浯溪 don't have the Detail Field.
[WARNING]: file 94_程俱.json's location 松江 maybe a foreign country location.
[WARNING]: file 94_程俱.json's location 松江 maybe a foreign country location.
[WARNING]: file 95_宇文虚中.json's location 北京 maybe a foreign country location.
[WARNING]: file 95_宇文虚中.json's location 北京 maybe a foreign country location.
[WARNING]: file 95_宇文虚中.json's location 北京 maybe a foreign country location.
[WARNING]: file 96_王灼.json's location 奉节 maybe a foreign country location.
[WARNING]: file 96_王灼.json's location 奉节 maybe a foreign country location.