[WARNING]: file 72_吕陶.json's location 铜梁 maybe a foreign country location.
[WARNING]: file 72_吕陶.json's location 铜梁 maybe a foreign country location.
[WARNING]: file 74_王令.json's marker 平山堂 don't have the Detail Field.
[WARNING]: file 76_程颐.json's location 合川 maybe a foreign country location.
[WARNING]: file 76_程颐.json's location 涪陵 maybe a foreign country location.
[WARNING]: file 76_程颐.json's location 合川 maybe a foreign country location.
[WARNING]: file 76_程颐.json's location 涪陵 maybe a foreign country location.
[WARNING]: file 77_苏轼.json's location 重庆 maybe a foreign country location.
[WARNING]: file 77_苏轼.json's location 涪陵 maybe a foreign country location.
[WARNING]: file 77_苏轼.json's location 丰都 maybe a foreign country location.
[WARNING]: file 77_苏轼.json's location 忠县 maybe a foreign country location.
[WARNING]: file 77_苏轼.json's location 万州 maybe a foreign country location.
[WARNING]: file 77_苏轼.json's location 奉节 maybe a foreign country location.
[WARNING]: file 77_苏轼.json's location 巫山 maybe a foreign country location.
[WARNING]: file 77_苏轼.json's location 云阳 maybe a foreign country location.
[WARNING]: file 77_苏轼.json's location 丰都 maybe a foreign country location.
[WARNING]: file 77_苏轼.json's location 重庆 maybe a foreign country location.
[WARNING]: file 77_苏轼.json's location 青浦 maybe a foreign country location.
[WARNING]: file 77_苏轼.json's location 陵水 maybe a foreign country location.
[WARNING]: file 77_苏轼.json's location 澄迈 maybe a foreign country location.
[WARNING]: file 77_苏轼.json's location 重庆 maybe a foreign country location.
[WARNING]: file 77_苏轼.json's location 涪陵 maybe a foreign country location.
[WARNING]: file 77_苏轼.json's location 丰都 maybe a foreign country location.
[WARNING]: file 77_苏轼.json's location 忠县 maybe a foreign country location.
[WARNING]: file 77_苏轼.json's location 万州 maybe a foreign country location.
[WARNING]: file 77_苏轼.json's location 奉节 maybe a foreign country location.
[WARNING]: file 77_苏轼.json's location 巫山 maybe a foreign country location.
[WARNING]: file 77_苏轼.json's location 云阳 maybe a foreign country location.
[WARNING]: file 77_苏轼.json's location 青浦 maybe a foreign country location.
[WARNING]: file 77_苏轼.json's location 陵水 maybe a foreign country location.
[WARNING]: file 77_苏轼.json's location 澄迈 maybe a foreign country location.
[WARNING]: file 77_苏轼.json's marker 大慈寺 don't have the Detail Field.
[WARNING]: file 77_苏轼.json's marker 函谷关 don't have the Detail Field.
[WARNING]: file 77_苏轼.json's location 白帝庙 maybe a foreign country location.
[WARNING]: file 77_苏轼.json's marker 白帝庙 don't have the Detail Field.
[WARNING]: file 77_苏轼.json's location 神女庙 maybe a foreign country location.
[WARNING]: file 77_苏轼.json's marker 神女庙 don't have the Detail Field.
[WARNING]: file 77_苏轼.json's marker 昭君村 don't have the Detail Field.
[WARNING]: file 77_苏轼.json's marker 三游洞 don't have the Detail Field.
[WARNING]: file 77_苏轼.json's marker 惠泉 don't have the Detail Field.
[WARNING]: file 77_苏轼.json's marker 岘山 don't have the Detail Field.
[WARNING]: file 77_苏轼.json's marker 万山 don't have the Detail Field.
[WARNING]: file 77_苏轼.json's marker 东湖 don't have the Detail Field.
[WARNING]: file 77_苏轼.json's marker 终南山 don't have the Detail Field.
[WARNING]: file 77_苏轼.json's marker 太白山 don't have the Detail Field.
[WARNING]: file 77_苏轼.json's marker 周公庙 don't have the Detail Field.
[WARNING]: file 77_苏轼.json's marker 骊山 don't have the Detail Field.
[WARNING]: file 77_苏轼.json's marker 华山 don't have the Detail Field.
[WARNING]: file 77_苏轼.json's marker 涂山 don't have the Detail Field.
[WARNING]: file 77_苏轼.json's marker 龟山 don't have the Detail Field.
[WARNING]: file 77_苏轼.json's marker 洪泽湖 don't have the Detail Field.
[WARNING]: file 77_苏轼.json's marker 平山堂 don't have the Detail Field.
[WARNING]: file 77_苏轼.json's marker 金山寺 don't have the Detail Field.
[WARNING]: file 77_苏轼.json's marker 焦山 don't have the Detail Field.
[WARNING]: file 77_苏轼.json's marker 孤山 don't have the Detail Field.
[WARNING]: file 77_苏轼.json's marker 西湖 don't have the Detail Field.
[WARNING]: file 77_苏轼.json's marker 望湖楼 don't have the Detail Field.
[WARNING]: file 77_苏轼.json's marker 径山 don't have the Detail Field.
[WARNING]: file 77_苏轼.json's marker 安国寺 don't have the Detail Field.
[WARNING]: file 77_苏轼.json's marker 吴山 don't have the Detail Field.
[WARNING]: file 77_苏轼.json's marker 有美堂 don't have the Detail Field.
[WARNING]: file 77_苏轼.json's marker 风水洞 don't have the Detail Field.
[WARNING]: file 77_苏轼.json's marker 龙山 don't have the Detail Field.
[WARNING]: file 77_苏轼.json's marker 天竺寺 don't have the Detail Field.
[WARNING]: file 77_苏轼.json's marker 灵隐寺 don't have the Detail Field.
[WARNING]: file 77_苏轼.json's marker 玲珑山 don't have the Detail Field.
[WARNING]: file 77_苏轼.json's marker 洞霄宫 don't have the Detail Field.
[WARNING]: file 77_苏轼.json's marker 报恩寺 don't have the Detail Field.
[WARNING]: file 77_苏轼.json's marker 惠山 don't have the Detail Field.
[WARNING]: file 77_苏轼.json's marker 虎丘 don't have the Detail Field.
[WARNING]: file 77_苏轼.json's marker 净慈寺 don't have the Detail Field.
[WARNING]: file 77_苏轼.json's marker 定山 don't have the Detail Field.
[WARNING]: file 77_苏轼.json's marker 多景楼 don't have the Detail Field.
[WARNING]: file 77_苏轼.json's marker 甘露寺 don't have the Detail Field.
[WARNING]: file 77_苏轼.json's marker 超然台 don't have the Detail Field.
[WARNING]: file 77_苏轼.json's marker 云龙山 don't have the Detail Field.
[WARNING]: file 77_苏轼.json's marker 黄楼 don't have the Detail Field.
[WARNING]: file 77_苏轼.json's marker 霅溪 don't have the Detail Field.
[WARNING]: file 77_苏轼.json's marker 万松亭 don't have the Detail Field.
[WARNING]: file 77_苏轼.json's marker 西山 don't have the Detail Field.
[WARNING]: file 77_苏轼.json's marker 栖霞楼 don't have the Detail Field.
[WARNING]: file 77_苏轼.json's marker 寒溪 don't have the Detail Field.
[WARNING]: file 77_苏轼.json's marker 庐山 don't have the Detail Field.
[WARNING]: file 77_苏轼.json's marker 庐山瀑布 don't have the Detail Field.
[WARNING]: file 77_苏轼.json's marker 石钟山 don't have the Detail Field.
[WARNING]: file 77_苏轼.json's marker 蒜山 don't have the Detail Field.
[WARNING]: file 77_苏轼.json's marker 石塔寺 don't have the Detail Field.
[WARNING]: file 77_苏轼.json's marker 金线泉 don't have the Detail Field.
[WARNING]: file 77_苏轼.json's marker 金明池 don't have the Detail Field.
[WARNING]: file 77_苏轼.json's marker 龙井 don't have the Detail Field.
[WARNING]: file 77_苏轼.json's marker 韬光寺 don't have the Detail Field.
[WARNING]: file 77_苏轼.json's marker 风篁岭 don't have the Detail Field.
[WARNING]: file 77_苏轼.json's marker 大明寺 don't have the Detail Field.
[WARNING]: file 77_苏轼.json's marker 钟山 don't have the Detail Field.
[WARNING]: file 77_苏轼.json's marker 郁孤台 don't have the Detail Field.
[WARNING]: file 77_苏轼.json's marker 廉泉 don't have the Detail Field.
[WARNING]: file 77_苏轼.json's marker 尘外亭 don't have the Detail Field.
[WARNING]: file 77_苏轼.json's marker 韶石 don't have the Detail Field.
[WARNING]: file 77_苏轼.json's marker 南华寺 don't have the Detail Field.
[WARNING]: file 77_苏轼.json's marker 碧落洞 don't have the Detail Field.
[WARNING]: file 77_苏轼.json's marker 浴日亭 don't have the Detail Field.
[WARNING]: file 77_苏轼.json's marker 合江楼 don't have the Detail Field.
[WARNING]: file 77_苏轼.json's marker 汤泉 don't have the Detail Field.
[WARNING]: file 77_苏轼.json's location 峻灵王庙 maybe a foreign country location.
[WARNING]: file 77_苏轼.json's marker 峻灵王庙 don't have the Detail Field.
[WARNING]: file 77_苏轼.json's marker 都峤山 don't have the Detail Field.
[WARNING]: file 77_苏轼.json's marker 何公桥 don't have the Detail Field.
[WARNING]: file 79_苏辙.json's location 重庆 maybe a foreign country location.
[WARNING]: file 79_苏辙.json's location 涪陵 maybe a foreign country location.
[WARNING]: file 79_苏辙.json's location 丰都 maybe a foreign country location.
[WARNING]: file 79_苏辙.json's location 忠县 maybe a foreign country location.
[WARNING]: file 79_苏辙.json's location 奉节 maybe a foreign country location.
[WARNING]: file 79_苏辙.json's location 巫山 maybe a foreign country location.
[WARNING]: file 79_苏辙.json's location 云阳 maybe a foreign country location.
[WARNING]: file 79_苏辙.json's location 丰都 maybe a foreign country location.
[WARNING]: file 79_苏辙.json's location 北京 maybe a foreign country location.
[WARNING]: file 79_苏辙.json's location 密云 maybe a foreign country location.
[WARNING]: file 79_苏辙.json's location 北京 maybe a foreign country location.
[WARNING]: file 79_苏辙.json's location 重庆 maybe a foreign country location.
[WARNING]: file 79_苏辙.json's location 涪陵 maybe a foreign country location.
[WARNING]: file 79_苏辙.json's location 丰都 maybe a foreign country location.
[WARNING]: file 79_苏辙.json's location 忠县 maybe a foreign country location.
[WARNING]: file 79_苏辙.json's location 奉节 maybe a foreign country location.
[WARNING]: file 79_苏辙.json's location 巫山 maybe a foreign country location.
[WARNING]: file 79_苏辙.json's location 云阳 maybe a foreign country location.
[WARNING]: file 79_苏辙.json's location 北京 maybe a foreign country location.
[WARNING]: file 79_苏辙.json's location 密云 maybe a foreign country location.
[WARNING]: file 79_苏辙.json's marker 大慈寺 don't have the Detail Field.
[WARNING]: file 79_苏辙.json's marker 函谷关 don't have the Detail Field.
[WARNING]: file 79_苏辙.json's marker 昭君村 don't have the Detail Field.
[WARNING]: file 79_苏辙.json's marker 三游洞 don't have the Detail Field.
[WARNING]: file 79_苏辙.json's marker 惠泉 don't have the Detail Field.
[WARNING]: file 79_苏辙.json's marker 嵩山 don't have the Detail Field.
[WARNING]: file 79_苏辙.json's marker 云龙山 don't have the Detail Field.
[WARNING]: file 79_苏辙.json's marker 平山堂 don't have the Detail Field.
[WARNING]: file 79_苏辙.json's marker 金山 don't have the Detail Field.
[WARNING]: file 79_苏辙.json's marker 凤凰台 don't have the Detail Field.
[WARNING]: file 79_苏辙.json's marker 钟山 don't have the Detail Field.
[WARNING]: file 79_苏辙.json's marker 九华山 don't have the Detail Field.
[WARNING]: file 79_苏辙.json's marker 西山 don't have the Detail Field.
[WARNING]: file 79_苏辙.json's marker 滕王阁 don't have the Detail Field.
[WARNING]: file 79_苏辙.json's marker 庐山 don't have the Detail Field.
[WARNING]: file 79_苏辙.json's location 西山 maybe a foreign country location.
[WARNING]: file 79_苏辙.json's marker 西山 don't have the Detail Field.
[WARNING]: file 79_苏辙.json's marker 罗浮山 don't have the Detail Field.
[WARNING]: file 7_沈佺期.json's location 巫山 maybe a foreign country location.
[WARNING]: file 7_沈佺期.json's location 重庆 maybe a foreign country location.
[WARNING]: file 7_沈佺期.json's location 北宁 maybe a foreign country location.
[WARNING]: file 7_沈佺期.json's location 清化 maybe a foreign country location.
[WARNING]: file 7_沈佺期.json's location 荣市 maybe a foreign country location.
[WARNING]: file 7_沈佺期.json's location 文昌 maybe a foreign country location.
[WARNING]: file 7_沈佺期.json's location 巫山 maybe a foreign country location.
[WARNING]: file 7_沈佺期.json's location 重庆 maybe a foreign country location.
[WARNING]: file 7_沈佺期.json's location 北宁 maybe a foreign country location.
[WARNING]: file 7_沈佺期.json's location 清化 maybe a foreign country location.
[WARNING]: file 7_沈佺期.json's location 荣市 maybe a foreign country location.
[WARNING]: file 7_沈佺期.json's location 文昌 maybe a foreign country location.
[WARNING]: file 7_沈佺期.json's location 神女庙 maybe a foreign country location.
[WARNING]: file 7_沈佺期.json's marker 神女庙 don't have the Detail Field.
[WARNING]: file 7_沈佺期.json's location 龙门峡 maybe a foreign country location.
[WARNING]: file 7_沈佺期.json's marker 龙门峡 don't have the Detail Field.
[WARNING]: file 7_沈佺期.json's marker 香山寺 don't have the Detail Field.
[WARNING]: file 7_沈佺期.json's marker 华山 don't have the Detail Field.
[WARNING]: file 7_沈佺期.json's marker 浈阳峡 don't have the Detail Field.
[WARNING]: file 80_孔武仲.json's marker 齐山 don't have the Detail Field.
[WARNING]: file 80_孔武仲.json's marker 九华山 don't have the Detail Field.
[WARNING]: file 82_黄庭坚.json's location 巫山 maybe a foreign country location.
[WARNING]: file 82_黄庭坚.json's location 云阳 maybe a foreign country location.
[WARNING]: file 82_黄庭坚.json's location 彭水 maybe a foreign country location.
[WARNING]: file 82_黄庭坚.json's location 涪陵 maybe a foreign country location.
[WARNING]: file 82_黄庭坚.json's location 万州 maybe a foreign country location.
[WARNING]: file 82_黄庭坚.json's location 巫山 maybe a foreign country location.
[WARNING]: file 82_黄庭坚.json's location 巫山 maybe a foreign country location.
[WARNING]: file 82_黄庭坚.json's location 云阳 maybe a foreign country location.
[WARNING]: file 82_黄庭坚.json's location 彭水 maybe a foreign country location.
[WARNING]: file 82_黄庭坚.json's location 涪陵 maybe a foreign country location.
[WARNING]: file 82_黄庭坚.json's location 万州 maybe a foreign country location.
[WARNING]: file 82_黄庭坚.json's marker 庐山 don't have the Detail Field.
[WARNING]: file 85_秦观.json's marker 金山寺 don't have the Detail Field.
[WARNING]: file 85_秦观.json's marker 云龙山 don't have the Detail Field.
[WARNING]: file 85_秦观.json's marker 惠山 don't have the Detail Field.
[WARNING]: file 85_秦观.json's marker 庐山 don't have the Detail Field.