[WARNING]: file 157_陆游.json's location 天门 maybe a foreign country location.
[WARNING]: file 157_陆游.json's location 巫山 maybe a foreign country location.
[WARNING]: file 157_陆游.json's location 白帝 maybe a foreign country location.
[WARNING]: file 157_陆游.json's location 奉节 maybe a foreign country location.
[WARNING]: file 157_陆游.json's location 白帝 maybe a foreign country location.
[WARNING]: file 157_陆游.json's location 奉节 maybe a foreign country location.
[WARNING]: file 157_陆游.json's location 巫山 maybe a foreign country location.
[WARNING]: file 157_陆游.json's location 奉节 maybe a foreign country location.
[WARNING]: file 157_陆游.json's location 重庆 maybe a foreign country location.
[WARNING]: file 157_陆游.json's location 万州 maybe a foreign country location.
[WARNING]: file 157_陆游.json's location 梁平 maybe a foreign country location.
[WARNING]: file 157_陆游.json's location 蟠龙 maybe a foreign country location.
[WARNING]: file 157_陆游.json's location 安胜 maybe a foreign country location.
[WARNING]: file 157_陆游.json's location 梁平 maybe a foreign country location.
[WARNING]: file 157_陆游.json's location 重庆 maybe a foreign country location.
[WARNING]: file 157_陆游.json's location 涪陵 maybe a foreign country location.
[WARNING]: file 157_陆游.json's location 丰都 maybe a foreign country location.
[WARNING]: file 157_陆游.json's location 忠县 maybe a foreign country location.
[WARNING]: file 157_陆游.json's location 万州 maybe a foreign country location.
[WARNING]: file 157_陆游.json's location 白帝 maybe a foreign country location.
[WARNING]: file 157_陆游.json's location 奉节 maybe a foreign country location.
[WARNING]: file 157_陆游.json's location 天门 maybe a foreign country location.
[WARNING]: file 157_陆游.json's location 巫山 maybe a foreign country location.
[WARNING]: file 157_陆游.json's location 白帝 maybe a foreign country location.
[WARNING]: file 157_陆游.json's location 奉节 maybe a foreign country location.
[WARNING]: file 157_陆游.json's location 重庆 maybe a foreign country location.
[WARNING]: file 157_陆游.json's location 万州 maybe a foreign country location.
[WARNING]: file 157_陆游.json's location 梁平 maybe a foreign country location.
[WARNING]: file 157_陆游.json's location 蟠龙 maybe a foreign country location.
[WARNING]: file 157_陆游.json's location 安胜 maybe a foreign country location.
[WARNING]: file 157_陆游.json's location 涪陵 maybe a foreign country location.
[WARNING]: file 157_陆游.json's location 丰都 maybe a foreign country location.
[WARNING]: file 157_陆游.json's location 忠县 maybe a foreign country location.
[WARNING]: file 157_陆游.json's marker 天台山 don't have the Detail Field.
[WARNING]: file 157_陆游.json's marker 沈园 don't have the Detail Field.
[WARNING]: file 157_陆游.json's marker 江心寺 don't have the Detail Field.
[WARNING]: file 157_陆游.json's marker 秦望山 don't have the Detail Field.
[WARNING]: file 157_陆游.json's marker 西湖 don't have the Detail Field.
[WARNING]: file 157_陆游.json's marker 多景楼 don't have the Detail Field.
[WARNING]: file 157_陆游.json's marker 焦山 don't have the Detail Field.
[WARNING]: file 157_陆游.json's marker 金山 don't have the Detail Field.
[WARNING]: file 157_陆游.json's marker 庐山 don't have the Detail Field.
[WARNING]: file 157_陆游.json's marker 荆门山 don't have the Detail Field.
[WARNING]: file 157_陆游.json's marker 三游洞 don't have the Detail Field.
[WARNING]: file 157_陆游.json's marker 秋风亭 don't have the Detail Field.
[WARNING]: file 157_陆游.json's location 白帝庙 maybe a foreign country location.
[WARNING]: file 157_陆游.json's marker 白帝庙 don't have the Detail Field.
[WARNING]: file 157_陆游.json's location 白帝城 maybe a foreign country location.
[WARNING]: file 157_陆游.json's marker 白帝城 don't have the Detail Field.
[WARNING]: file 157_陆游.json's location 蟠龙山 maybe a foreign country location.
[WARNING]: file 157_陆游.json's marker 蟠龙山 don't have the Detail Field.
[WARNING]: file 157_陆游.json's marker 剑门关 don't have the Detail Field.
[WARNING]: file 157_陆游.json's marker 越王楼 don't have the Detail Field.
[WARNING]: file 157_陆游.json's marker 涪江 don't have the Detail Field.
[WARNING]: file 157_陆游.json's marker 富乐山 don't have the Detail Field.
[WARNING]: file 157_陆游.json's marker 青城山 don't have the Detail Field.
[WARNING]: file 157_陆游.json's marker 凌云寺 don't have the Detail Field.
[WARNING]: file 157_陆游.json's marker 罨画池 don't have the Detail Field.
[WARNING]: file 157_陆游.json's marker 东湖 don't have the Detail Field.
[WARNING]: file 157_陆游.json's marker 龙洞 don't have the Detail Field.
[WARNING]: file 157_陆游.json's marker 大圣慈寺 don't have the Detail Field.
[WARNING]: file 157_陆游.json's marker 武侯庙 don't have the Detail Field.
[WARNING]: file 157_陆游.json's marker 昭觉寺 don't have the Detail Field.
[WARNING]: file 157_陆游.json's marker 万里桥 don't have the Detail Field.
[WARNING]: file 157_陆游.json's marker 合江亭 don't have the Detail Field.
[WARNING]: file 157_陆游.json's marker 浣花溪 don't have the Detail Field.
[WARNING]: file 157_陆游.json's marker 升仙桥 don't have the Detail Field.
[WARNING]: file 157_陆游.json's marker 上清宫 don't have the Detail Field.
[WARNING]: file 157_陆游.json's marker 青羊宫 don't have the Detail Field.
[WARNING]: file 157_陆游.json's marker 文君井 don't have the Detail Field.
[WARNING]: file 157_陆游.json's marker 杜甫草堂 don't have the Detail Field.
[WARNING]: file 157_陆游.json's location 平都山 maybe a foreign country location.
[WARNING]: file 157_陆游.json's marker 平都山 don't have the Detail Field.
[WARNING]: file 157_陆游.json's location 龙兴寺 maybe a foreign country location.
[WARNING]: file 157_陆游.json's marker 龙兴寺 don't have the Detail Field.
[WARNING]: file 157_陆游.json's marker 岳阳楼 don't have the Detail Field.
[WARNING]: file 157_陆游.json's marker 黄鹤楼 don't have the Detail Field.
[WARNING]: file 157_陆游.json's marker 东林寺 don't have the Detail Field.
[WARNING]: file 157_陆游.json's marker 小孤山 don't have the Detail Field.
[WARNING]: file 157_陆游.json's marker 采石山 don't have the Detail Field.
[WARNING]: file 157_陆游.json's marker 赏心亭 don't have the Detail Field.
[WARNING]: file 157_陆游.json's marker 江郎山 don't have the Detail Field.
[WARNING]: file 157_陆游.json's marker 武夷山 don't have the Detail Field.
[WARNING]: file 157_陆游.json's marker 九曲溪 don't have the Detail Field.
[WARNING]: file 157_陆游.json's marker 鹅湖 don't have the Detail Field.
[WARNING]: file 157_陆游.json's marker 烂柯山 don't have the Detail Field.
[WARNING]: file 157_陆游.json's marker 拟岘台 don't have the Detail Field.
[WARNING]: file 157_陆游.json's marker 疏山 don't have the Detail Field.
[WARNING]: file 157_陆游.json's marker 禹庙 don't have the Detail Field.
[WARNING]: file 157_陆游.json's marker 卧龙山 don't have the Detail Field.
[WARNING]: file 157_陆游.json's marker 会稽山 don't have the Detail Field.
[WARNING]: file 157_陆游.json's marker 镜湖 don't have the Detail Field.
[WARNING]: file 157_陆游.json's marker 聚景园 don't have the Detail Field.
[WARNING]: file 157_陆游.json's marker 东岳庙 don't have the Detail Field.
[WARNING]: file 157_陆游.json's marker 富春江 don't have the Detail Field.
[WARNING]: file 157_陆游.json's marker 若耶溪 don't have the Detail Field.
[WARNING]: file 157_陆游.json's marker 六和塔 don't have the Detail Field.
[WARNING]: file 157_陆游.json's marker 曹娥庙 don't have the Detail Field.
[WARNING]: file 157_陆游.json's marker 兰亭 don't have the Detail Field.
[WARNING]: file 157_陆游.json's marker 龙瑞宫 don't have the Detail Field.
[WARNING]: file 157_陆游.json's marker 天竺寺 don't have the Detail Field.
[WARNING]: file 157_陆游.json's marker 云门寺 don't have the Detail Field.