[WARNING]: file 101_蔡伸.json's marker 殷墟 don't have the Detail Field.
[WARNING]: file 102_洪皓.json's location 北京 maybe a foreign country location.
[WARNING]: file 102_洪皓.json's location 北京 maybe a foreign country location.
[WARNING]: file 103_释宗杲.json's location 松江 maybe a foreign country location.
[WARNING]: file 103_释宗杲.json's location 松江 maybe a foreign country location.
[WARNING]: file 103_释宗杲.json's marker 虎丘 don't have the Detail Field.
[WARNING]: file 104_王以宁.json's marker 栖霞楼 don't have the Detail Field.
[WARNING]: file 104_王以宁.json's marker 岳阳楼 don't have the Detail Field.
[WARNING]: file 104_王以宁.json's marker 沩山 don't have the Detail Field.
[WARNING]: file 106_陈与义.json's marker 雁荡山 don't have the Detail Field.
[WARNING]: file 108_张元干.json's location 松江 maybe a foreign country location.
[WARNING]: file 108_张元干.json's location 松江 maybe a foreign country location.
[WARNING]: file 108_张元干.json's marker 庐山 don't have the Detail Field.
[WARNING]: file 108_张元干.json's marker 惠山寺 don't have the Detail Field.
[WARNING]: file 108_张元干.json's marker 西湖 don't have the Detail Field.
[WARNING]: file 108_张元干.json's marker 太湖 don't have the Detail Field.
[WARNING]: file 108_张元干.json's marker 雪峰寺 don't have the Detail Field.
[WARNING]: file 108_张元干.json's marker 鼓山 don't have the Detail Field.
[WARNING]: file 108_张元干.json's marker 雪峰山 don't have the Detail Field.
[WARNING]: file 108_张元干.json's marker 虎丘 don't have the Detail Field.
[WARNING]: file 109_邓肃.json's marker 庐山 don't have the Detail Field.
[WARNING]: file 109_邓肃.json's marker 鼓山 don't have the Detail Field.
[WARNING]: file 10_高适.json's location 北京 maybe a foreign country location.
[WARNING]: file 10_高适.json's location 北京 maybe a foreign country location.
[WARNING]: file 10_高适.json's location 昌平 maybe a foreign country location.
[WARNING]: file 10_高适.json's location 昌平 maybe a foreign country location.
[WARNING]: file 10_高适.json's location 北京 maybe a foreign country location.
[WARNING]: file 10_高适.json's location 昌平 maybe a foreign country location.
[WARNING]: file 110_王铚.json's marker 庐山 don't have the Detail Field.
[WARNING]: file 110_王铚.json's marker 采石矶 don't have the Detail Field.
[WARNING]: file 110_王铚.json's marker 剡溪 don't have the Detail Field.
[WARNING]: file 112_陈康伯.json's location 济源 maybe a foreign country location.
[WARNING]: file 112_陈康伯.json's location 济源 maybe a foreign country location.
[WARNING]: file 114_黄公度.json's marker 七星岩 don't have the Detail Field.
[WARNING]: file 116_洪适.json's location 北京 maybe a foreign country location.
[WARNING]: file 116_洪适.json's location 北京 maybe a foreign country location.
[WARNING]: file 117_曾协.json's marker 浯溪 don't have the Detail Field.
[WARNING]: file 11_王维.json's marker 泰山 don't have the Detail Field.
[WARNING]: file 11_王维.json's marker 嵩山 don't have the Detail Field.
[WARNING]: file 11_王维.json's marker 庐山 don't have the Detail Field.
[WARNING]: file 11_王维.json's marker 终南山 don't have the Detail Field.
[WARNING]: file 121_尤袤.json's marker 径山寺 don't have the Detail Field.
[WARNING]: file 121_尤袤.json's marker 西湖 don't have the Detail Field.
[WARNING]: file 121_尤袤.json's marker 东湖 don't have the Detail Field.
[WARNING]: file 121_尤袤.json's marker 青山 don't have the Detail Field.
[WARNING]: file 121_尤袤.json's marker 张公洞 don't have the Detail Field.
[WARNING]: file 121_尤袤.json's marker 茅山 don't have the Detail Field.
[WARNING]: file 121_尤袤.json's marker 庐山 don't have the Detail Field.
[WARNING]: file 121_尤袤.json's marker 净慈寺 don't have the Detail Field.
[WARNING]: file 123_王明清.json's marker 西湖 don't have the Detail Field.
[WARNING]: file 123_王明清.json's marker 剡溪 don't have the Detail Field.
[WARNING]: file 123_王明清.json's marker 天台山 don't have the Detail Field.
[WARNING]: file 124_杨万里.json's location 松江 maybe a foreign country location.
[WARNING]: file 124_杨万里.json's location 松江 maybe a foreign country location.
[WARNING]: file 124_杨万里.json's marker 庙山 don't have the Detail Field.
[WARNING]: file 124_杨万里.json's marker 西山 don't have the Detail Field.
[WARNING]: file 124_杨万里.json's marker 灵山 don't have the Detail Field.
[WARNING]: file 124_杨万里.json's marker 惠山 don't have the Detail Field.
[WARNING]: file 124_杨万里.json's marker 快阁 don't have the Detail Field.
[WARNING]: file 124_杨万里.json's marker 曹溪 don't have the Detail Field.
[WARNING]: file 124_杨万里.json's marker 鄱阳湖 don't have the Detail Field.
[WARNING]: file 124_杨万里.json's marker 金山 don't have the Detail Field.
[WARNING]: file 124_杨万里.json's marker 太湖 don't have the Detail Field.
[WARNING]: file 124_杨万里.json's marker 双溪 don't have the Detail Field.
[WARNING]: file 124_杨万里.json's marker 庐山 don't have the Detail Field.
[WARNING]: file 124_杨万里.json's marker 石钟山 don't have the Detail Field.
[WARNING]: file 124_杨万里.json's marker 慈湖 don't have the Detail Field.
[WARNING]: file 126_张孝祥.json's marker 庐山 don't have the Detail Field.
[WARNING]: file 126_张孝祥.json's marker 丹阳湖 don't have the Detail Field.
[WARNING]: file 126_张孝祥.json's marker 青山 don't have the Detail Field.
[WARNING]: file 126_张孝祥.json's marker 南溪山 don't have the Detail Field.
[WARNING]: file 126_张孝祥.json's marker 浯溪 don't have the Detail Field.
[WARNING]: file 126_张孝祥.json's marker 衡山 don't have the Detail Field.
[WARNING]: file 126_张孝祥.json's marker 洞庭湖 don't have the Detail Field.
[WARNING]: file 126_张孝祥.json's marker 琵琶亭 don't have the Detail Field.
[WARNING]: file 126_张孝祥.json's marker 金山寺 don't have the Detail Field.
[WARNING]: file 126_张孝祥.json's marker 岳阳楼 don't have the Detail Field.
[WARNING]: file 127_张栻.json's marker 衡山 don't have the Detail Field.
[WARNING]: file 127_张栻.json's marker 龙山 don't have the Detail Field.
[WARNING]: file 12_李白.json's location 托克马克 maybe a foreign country location.
[WARNING]: file 12_李白.json's location 重庆 maybe a foreign country location.
[WARNING]: file 12_李白.json's location 重庆 maybe a foreign country location.
[WARNING]: file 12_李白.json's location 巫山 maybe a foreign country location.
[WARNING]: file 12_李白.json's location 大兴 maybe a foreign country location.
[WARNING]: file 12_李白.json's location 巫山 maybe a foreign country location.
[WARNING]: file 12_李白.json's location 奉节 maybe a foreign country location.
[WARNING]: file 12_李白.json's location 托克马克 (出生地) maybe a foreign country location.
[WARNING]: file 12_李白.json's location 重庆 maybe a foreign country location.
[WARNING]: file 12_李白.json's location 巫山 maybe a foreign country location.
[WARNING]: file 12_李白.json's location 大兴 maybe a foreign country location.
[WARNING]: file 12_李白.json's location 奉节 maybe a foreign country location.
[WARNING]: file 12_李白.json's marker 峨眉山 don't have the Detail Field.
[WARNING]: file 12_李白.json's marker 荆门山 don't have the Detail Field.
[WARNING]: file 12_李白.json's marker 洞庭湖 don't have the Detail Field.
[WARNING]: file 12_李白.json's marker 庐山 don't have the Detail Field.
[WARNING]: file 12_李白.json's marker 天门山 don't have the Detail Field.
[WARNING]: file 12_李白.json's marker 岘山 don't have the Detail Field.
[WARNING]: file 12_李白.json's marker 鹦鹉洲 don't have the Detail Field.
[WARNING]: file 12_李白.json's marker 黄鹤楼 don't have the Detail Field.
[WARNING]: file 12_李白.json's marker 玉女泉 don't have the Detail Field.
[WARNING]: file 12_李白.json's marker 终南山 don't have the Detail Field.
[WARNING]: file 12_李白.json's marker 嵩山 don't have the Detail Field.
[WARNING]: file 12_李白.json's marker 香山寺 don't have the Detail Field.
[WARNING]: file 12_李白.json's marker 雁门关 don't have the Detail Field.
[WARNING]: file 12_李白.json's marker 天竺寺 don't have the Detail Field.
[WARNING]: file 12_李白.json's marker 徂徕山 don't have the Detail Field.
[WARNING]: file 12_李白.json's marker 泰山 don't have the Detail Field.
[WARNING]: file 12_李白.json's marker 骊山 don't have the Detail Field.
[WARNING]: file 12_李白.json's marker 姑苏台 don't have the Detail Field.
[WARNING]: file 12_李白.json's marker 天台山 don't have the Detail Field.
[WARNING]: file 12_李白.json's marker 东林寺 don't have the Detail Field.
[WARNING]: file 12_李白.json's marker 敬亭山 don't have the Detail Field.
[WARNING]: file 12_李白.json's marker 白鹭洲 don't have the Detail Field.
[WARNING]: file 12_李白.json's marker 桃花潭 don't have the Detail Field.
[WARNING]: file 12_李白.json's marker 皖公山 don't have the Detail Field.
[WARNING]: file 12_李白.json's marker 西塞山 don't have the Detail Field.
[WARNING]: file 12_李白.json's location 白帝城 maybe a foreign country location.
[WARNING]: file 12_李白.json's marker 白帝城 don't have the Detail Field.
[WARNING]: file 12_李白.json's marker 岳阳楼 don't have the Detail Field.
[WARNING]: file 12_李白.json's marker 九疑山 don't have the Detail Field.
[WARNING]: file 12_李白.json's marker 蛇山 don't have the Detail Field.
[WARNING]: file 130_丘崇.json's location 松江 maybe a foreign country location.
[WARNING]: file 130_丘崇.json's location 松江 maybe a foreign country location.
[WARNING]: file 130_丘崇.json's location 北京 maybe a foreign country location.
[WARNING]: file 130_丘崇.json's location 松江 maybe a foreign country location.
[WARNING]: file 130_丘崇.json's location 北京 maybe a foreign country location.
[WARNING]: file 131_王质.json's location 奉节 maybe a foreign country location.
[WARNING]: file 131_王质.json's location 涪陵 maybe a foreign country location.
[WARNING]: file 131_王质.json's location 云阳 maybe a foreign country location.
[WARNING]: file 131_王质.json's location 奉节 maybe a foreign country location.
[WARNING]: file 131_王质.json's location 奉节 maybe a foreign country location.
[WARNING]: file 131_王质.json's location 涪陵 maybe a foreign country location.
[WARNING]: file 131_王质.json's location 云阳 maybe a foreign country location.
[WARNING]: file 131_王质.json's marker 隆中 don't have the Detail Field.
[WARNING]: file 131_王质.json's marker 庐山 don't have the Detail Field.
[WARNING]: file 132_唐仲友.json's marker 八咏楼 don't have the Detail Field.
[WARNING]: file 134_陈傅良.json's marker 仙岩 don't have the Detail Field.
[WARNING]: file 134_陈傅良.json's marker 鼓山 don't have the Detail Field.
[WARNING]: file 134_陈傅良.json's marker 南塘 don't have the Detail Field.
[WARNING]: file 136_辛弃疾.json's marker 钟山 don't have the Detail Field.
[WARNING]: file 136_辛弃疾.json's marker 赏心亭 don't have the Detail Field.
[WARNING]: file 136_辛弃疾.json's marker 冷泉亭 don't have the Detail Field.
[WARNING]: file 136_辛弃疾.json's marker 采石矶 don't have the Detail Field.
[WARNING]: file 136_辛弃疾.json's marker 南楼 don't have the Detail Field.
[WARNING]: file 136_辛弃疾.json's marker 东湖 don't have the Detail Field.
[WARNING]: file 136_辛弃疾.json's marker 滕王阁 don't have the Detail Field.
[WARNING]: file 136_辛弃疾.json's marker 南岩 don't have the Detail Field.
[WARNING]: file 136_辛弃疾.json's marker 鹅湖 don't have the Detail Field.
[WARNING]: file 136_辛弃疾.json's marker 武夷精舍 don't have the Detail Field.
[WARNING]: file 136_辛弃疾.json's marker 西湖 don't have the Detail Field.
[WARNING]: file 136_辛弃疾.json's marker 灵山 don't have the Detail Field.
[WARNING]: file 136_辛弃疾.json's marker 北固亭 don't have the Detail Field.
[WARNING]: file 137_叶适.json's marker 雁荡山 don't have the Detail Field.
[WARNING]: file 137_叶适.json's marker 齐云楼 don't have the Detail Field.
[WARNING]: file 137_叶适.json's marker 虎丘 don't have the Detail Field.
[WARNING]: file 137_叶适.json's marker 秦淮河 don't have the Detail Field.
[WARNING]: file 138_刘过.json's marker 西湖 don't have the Detail Field.
[WARNING]: file 138_刘过.json's marker 黄鹤楼 don't have the Detail Field.
[WARNING]: file 138_刘过.json's marker 采石矶 don't have the Detail Field.
[WARNING]: file 138_刘过.json's marker 凤凰台 don't have the Detail Field.
[WARNING]: file 138_刘过.json's marker 赏心亭 don't have the Detail Field.
[WARNING]: file 138_刘过.json's marker 白鹭洲 don't have the Detail Field.
[WARNING]: file 138_刘过.json's marker 惠山 don't have the Detail Field.
[WARNING]: file 138_刘过.json's marker 凤凰山 don't have the Detail Field.
[WARNING]: file 138_刘过.json's marker 多景楼 don't have the Detail Field.
[WARNING]: file 139_李壁.json's location 北京 maybe a foreign country location.
[WARNING]: file 139_李壁.json's location 北京 maybe a foreign country location.
[WARNING]: file 13_杜甫.json's location 重庆 maybe a foreign country location.
[WARNING]: file 13_杜甫.json's location 忠县 maybe a foreign country location.
[WARNING]: file 13_杜甫.json's location 云阳 maybe a foreign country location.
[WARNING]: file 13_杜甫.json's location 奉节 maybe a foreign country location.
[WARNING]: file 13_杜甫.json's location 巫山 maybe a foreign country location.
[WARNING]: file 13_杜甫.json's location 重庆 maybe a foreign country location.
[WARNING]: file 13_杜甫.json's location 忠县 maybe a foreign country location.
[WARNING]: file 13_杜甫.json's location 云阳 maybe a foreign country location.
[WARNING]: file 13_杜甫.json's location 奉节 maybe a foreign country location.
[WARNING]: file 13_杜甫.json's location 巫山 maybe a foreign country location.
[WARNING]: file 13_杜甫.json's marker 鉴湖 don't have the Detail Field.
[WARNING]: file 13_杜甫.json's marker 剡溪 don't have the Detail Field.
[WARNING]: file 13_杜甫.json's marker 天姥山 don't have the Detail Field.
[WARNING]: file 13_杜甫.json's marker 泰山 don't have the Detail Field.
[WARNING]: file 13_杜甫.json's location 白帝城 maybe a foreign country location.
[WARNING]: file 13_杜甫.json's marker 白帝城 don't have the Detail Field.
[WARNING]: file 13_杜甫.json's marker 岳阳楼 don't have the Detail Field.
[WARNING]: file 13_杜甫.json's marker 衡山 don't have the Detail Field.
[WARNING]: file 13_杜甫.json's marker 洞庭湖 don't have the Detail Field.
[WARNING]: file 140_李埴.json's location 奉节 maybe a foreign country location.
[WARNING]: file 140_李埴.json's location 奉节 maybe a foreign country location.
[WARNING]: file 141_施宿.json's marker 虎丘 don't have the Detail Field.
[WARNING]: file 142_戴复古.json's marker 黄鹤楼 don't have the Detail Field.
[WARNING]: file 142_戴复古.json's marker 凤凰台 don't have the Detail Field.
[WARNING]: file 142_戴复古.json's marker 庐山 don't have the Detail Field.
[WARNING]: file 142_戴复古.json's marker 东湖 don't have the Detail Field.
[WARNING]: file 148_吴潜.json's marker 东园 don't have the Detail Field.
[WARNING]: file 148_吴潜.json's marker 滕王阁 don't have the Detail Field.
[WARNING]: file 148_吴潜.json's marker 灵岩寺 don't have the Detail Field.
[WARNING]: file 148_吴潜.json's marker 齐云楼 don't have the Detail Field.
[WARNING]: file 148_吴潜.json's marker 沧浪亭 don't have the Detail Field.
[WARNING]: file 148_吴潜.json's marker 赵园 don't have the Detail Field.
[WARNING]: file 148_吴潜.json's marker 焦山 don't have the Detail Field.
[WARNING]: file 148_吴潜.json's marker 多景楼 don't have the Detail Field.
[WARNING]: file 148_吴潜.json's marker 雨花台 don't have the Detail Field.
[WARNING]: file 148_吴潜.json's marker 镇海楼 don't have the Detail Field.
[WARNING]: file 149_吴文英.json's marker 惠山 don't have the Detail Field.
[WARNING]: file 149_吴文英.json's marker 齐云楼 don't have the Detail Field.
[WARNING]: file 149_吴文英.json's marker 枫桥 don't have the Detail Field.
[WARNING]: file 149_吴文英.json's marker 虎丘 don't have the Detail Field.
[WARNING]: file 149_吴文英.json's marker 沧浪亭 don't have the Detail Field.
[WARNING]: file 149_吴文英.json's marker 承天寺 don't have the Detail Field.
[WARNING]: file 149_吴文英.json's marker 姑苏台 don't have the Detail Field.
[WARNING]: file 149_吴文英.json's marker 望湖楼 don't have the Detail Field.
[WARNING]: file 149_吴文英.json's marker 丰乐楼 don't have the Detail Field.
[WARNING]: file 149_吴文英.json's marker 西湖 don't have the Detail Field.
[WARNING]: file 151_舒岳祥.json's marker 雁苍山 don't have the Detail Field.
[WARNING]: file 152_谢枋得.json's location 北京 maybe a foreign country location.
[WARNING]: file 152_谢枋得.json's location 北京 maybe a foreign country location.
[WARNING]: file 152_谢枋得.json's marker 小孤山 don't have the Detail Field.
[WARNING]: file 153_刘辰翁.json's marker 芝山 don't have the Detail Field.
[WARNING]: file 154_文天祥.json's location 徐水 maybe a foreign country location.
[WARNING]: file 154_文天祥.json's location 北京 maybe a foreign country location.
[WARNING]: file 154_文天祥.json's location 徐水 maybe a foreign country location.
[WARNING]: file 154_文天祥.json's location 北京 maybe a foreign country location.
[WARNING]: file 154_文天祥.json's marker 独松关 don't have the Detail Field.
[WARNING]: file 154_文天祥.json's marker 南华寺 don't have the Detail Field.
[WARNING]: file 154_文天祥.json's marker 采石矶 don't have the Detail Field.
[WARNING]: file 155_张炎.json's location 北京 maybe a foreign country location.
[WARNING]: file 155_张炎.json's location 北京 maybe a foreign country location.
[WARNING]: file 155_张炎.json's marker 西湖 don't have the Detail Field.
[WARNING]: file 155_张炎.json's marker 张公洞 don't have the Detail Field.
[WARNING]: file 15_岑参.json's location 济源 maybe a foreign country location.
[WARNING]: file 15_岑参.json's location 济源 maybe a foreign country location.
[WARNING]: file 15_岑参.json's marker 函谷关 don't have the Detail Field.
[WARNING]: file 15_岑参.json's marker 仙游寺 don't have the Detail Field.
[WARNING]: file 15_岑参.json's marker 终南山 don't have the Detail Field.
[WARNING]: file 15_岑参.json's marker 华严寺 don't have the Detail Field.
[WARNING]: file 15_岑参.json's marker 玉门关 don't have the Detail Field.
[WARNING]: file 15_岑参.json's marker 青龙寺 don't have the Detail Field.
[WARNING]: file 15_岑参.json's marker 武侯祠 don't have the Detail Field.
[WARNING]: file 15_岑参.json's marker 万里桥 don't have the Detail Field.
[WARNING]: file 15_岑参.json's marker 凌云寺 don't have the Detail Field.
[WARNING]: file 15_岑参.json's marker 峨眉山 don't have the Detail Field.
[WARNING]: file 18_韦应物.json's marker 马嵬驿 don't have the Detail Field.
[WARNING]: file 18_韦应物.json's marker 浔阳楼 don't have the Detail Field.
[WARNING]: file 19_孟郊.json's location 仙桃 maybe a foreign country location.
[WARNING]: file 19_孟郊.json's location 巫山 maybe a foreign country location.
[WARNING]: file 19_孟郊.json's location 仙桃 maybe a foreign country location.
[WARNING]: file 19_孟郊.json's location 济源 maybe a foreign country location.
[WARNING]: file 19_孟郊.json's location 仙桃 maybe a foreign country location.
[WARNING]: file 19_孟郊.json's location 巫山 maybe a foreign country location.
[WARNING]: file 19_孟郊.json's location 济源 maybe a foreign country location.
[WARNING]: file 19_孟郊.json's marker 嵩山 don't have the Detail Field.
[WARNING]: file 19_孟郊.json's marker 终南山 don't have the Detail Field.
[WARNING]: file 19_孟郊.json's marker 华严寺 don't have the Detail Field.
[WARNING]: file 19_孟郊.json's marker 淮河 don't have the Detail Field.
[WARNING]: file 19_孟郊.json's marker 灵岩山 don't have the Detail Field.
[WARNING]: file 19_孟郊.json's marker 岘山 don't have the Detail Field.
[WARNING]: file 19_孟郊.json's location 巫峡 maybe a foreign country location.
[WARNING]: file 19_孟郊.json's marker 巫峡 don't have the Detail Field.
[WARNING]: file 19_孟郊.json's marker 汨罗江 don't have the Detail Field.
[WARNING]: file 19_孟郊.json's marker 衡山 don't have the Detail Field.
[WARNING]: file 19_孟郊.json's marker 洞庭湖 don't have the Detail Field.
[WARNING]: file 1_王绩.json's marker 庐山 don't have the Detail Field.
[WARNING]: file 22_韩愈.json's marker 中条山 don't have the Detail Field.
[WARNING]: file 22_韩愈.json's marker 华山 don't have the Detail Field.
[WARNING]: file 22_韩愈.json's marker 汨罗江 don't have the Detail Field.
[WARNING]: file 22_韩愈.json's marker 九嶷山 don't have the Detail Field.
[WARNING]: file 22_韩愈.json's marker 合江亭 don't have the Detail Field.
[WARNING]: file 22_韩愈.json's marker 衡山 don't have the Detail Field.
[WARNING]: file 22_韩愈.json's marker 岳阳楼 don't have the Detail Field.
[WARNING]: file 22_韩愈.json's marker 终南山 don't have the Detail Field.
[WARNING]: file 22_韩愈.json's marker 青龙寺 don't have the Detail Field.
[WARNING]: file 22_韩愈.json's marker 鸿沟 don't have the Detail Field.
[WARNING]: file 22_韩愈.json's marker 武关 don't have the Detail Field.
[WARNING]: file 23_柳宗元.json's marker 湘江 don't have the Detail Field.
[WARNING]: file 23_柳宗元.json's marker 衡山 don't have the Detail Field.
[WARNING]: file 23_柳宗元.json's marker 汨罗江 don't have the Detail Field.
[WARNING]: file 24_周贺.json's marker 庐山 don't have the Detail Field.
[WARNING]: file 25_姚合.json's marker 岘山 don't have the Detail Field.
[WARNING]: file 25_姚合.json's marker 嵩山 don't have the Detail Field.
[WARNING]: file 26_张彻.json's location 丰台 maybe a foreign country location.
[WARNING]: file 26_张彻.json's location 丰台 maybe a foreign country location.
[WARNING]: file 27_贾岛.json's marker 香山寺 don't have the Detail Field.
[WARNING]: file 27_贾岛.json's marker 青龙寺 don't have the Detail Field.
[WARNING]: file 27_贾岛.json's marker 灵隐寺 don't have the Detail Field.
[WARNING]: file 29_李德裕.json's location 忠县 maybe a foreign country location.
[WARNING]: file 29_李德裕.json's location 忠县 maybe a foreign country location.
[WARNING]: file 29_李德裕.json's marker 剑门关 don't have the Detail Field.
[WARNING]: file 29_李德裕.json's marker 大孤山 don't have the Detail Field.
[WARNING]: file 2_卢照邻.json's location 蒙古 maybe a foreign country location.
[WARNING]: file 2_卢照邻.json's location 乌兰巴托北 maybe a foreign country location.
[WARNING]: file 2_卢照邻.json's location 蒙古 maybe a foreign country location.
[WARNING]: file 2_卢照邻.json's location 乌兰巴托北 maybe a foreign country location.
[WARNING]: file 30_皇甫湜.json's marker 嵩山 don't have the Detail Field.
[WARNING]: file 31_李贺.json's marker 华山 don't have the Detail Field.
[WARNING]: file 31_李贺.json's marker 太湖 don't have the Detail Field.
[WARNING]: file 31_李贺.json's marker 镜湖 don't have the Detail Field.
[WARNING]: file 36_李频.json's location 彭水 maybe a foreign country location.
[WARNING]: file 36_李频.json's location 彭水 maybe a foreign country location.
[WARNING]: file 38_陆龟蒙.json's marker 嵩山 don't have the Detail Field.
[WARNING]: file 38_陆龟蒙.json's marker 北固山 don't have the Detail Field.
[WARNING]: file 39_贯休.json's location 蓟县 maybe a foreign country location.
[WARNING]: file 39_贯休.json's location 涪陵 maybe a foreign country location.
[WARNING]: file 39_贯休.json's location 彭水 maybe a foreign country location.
[WARNING]: file 39_贯休.json's location 重庆 maybe a foreign country location.
[WARNING]: file 39_贯休.json's location 蓟县 maybe a foreign country location.
[WARNING]: file 39_贯休.json's location 涪陵 maybe a foreign country location.
[WARNING]: file 39_贯休.json's location 彭水 maybe a foreign country location.
[WARNING]: file 39_贯休.json's location 重庆 maybe a foreign country location.
[WARNING]: file 39_贯休.json's marker 庐山 don't have the Detail Field.
[WARNING]: file 39_贯休.json's marker 西山 don't have the Detail Field.
[WARNING]: file 39_贯休.json's marker 镜湖 don't have the Detail Field.
[WARNING]: file 39_贯休.json's marker 天台山 don't have the Detail Field.
[WARNING]: file 39_贯休.json's marker 雁荡山 don't have the Detail Field.
[WARNING]: file 39_贯休.json's marker 九华山 don't have the Detail Field.
[WARNING]: file 39_贯休.json's marker 鄱阳湖 don't have the Detail Field.
[WARNING]: file 39_贯休.json's marker 怀玉山 don't have the Detail Field.
[WARNING]: file 39_贯休.json's marker 商山 don't have the Detail Field.
[WARNING]: file 39_贯休.json's marker 玉门关 don't have the Detail Field.
[WARNING]: file 39_贯休.json's marker 钱塘江 don't have the Detail Field.
[WARNING]: file 39_贯休.json's marker 南华寺 don't have the Detail Field.
[WARNING]: file 39_贯休.json's location 缙云山 maybe a foreign country location.
[WARNING]: file 39_贯休.json's marker 缙云山 don't have the Detail Field.
[WARNING]: file 39_贯休.json's marker 云顶山 don't have the Detail Field.
[WARNING]: file 40_罗隐.json's location 巫山 maybe a foreign country location.
[WARNING]: file 40_罗隐.json's location 合川 maybe a foreign country location.
[WARNING]: file 40_罗隐.json's location 蓟县 maybe a foreign country location.
[WARNING]: file 40_罗隐.json's location 巫山 maybe a foreign country location.
[WARNING]: file 40_罗隐.json's location 合川 maybe a foreign country location.
[WARNING]: file 40_罗隐.json's location 蓟县 maybe a foreign country location.
[WARNING]: file 40_罗隐.json's marker 华严寺 don't have the Detail Field.
[WARNING]: file 40_罗隐.json's marker 四顶山 don't have the Detail Field.
[WARNING]: file 40_罗隐.json's marker 武关 don't have the Detail Field.
[WARNING]: file 40_罗隐.json's marker 杜甫墓 don't have the Detail Field.
[WARNING]: file 40_罗隐.json's marker 霅溪 don't have the Detail Field.
[WARNING]: file 40_罗隐.json's marker 禅智寺 don't have the Detail Field.
[WARNING]: file 40_罗隐.json's marker 甘露寺 don't have the Detail Field.
[WARNING]: file 40_罗隐.json's marker 雁门关 don't have the Detail Field.
[WARNING]: file 40_罗隐.json's marker 九华山 don't have the Detail Field.
[WARNING]: file 40_罗隐.json's marker 秋浦 don't have the Detail Field.
[WARNING]: file 40_罗隐.json's marker 泾溪 don't have the Detail Field.
[WARNING]: file 40_罗隐.json's marker 石头城 don't have the Detail Field.
[WARNING]: file 40_罗隐.json's marker 升仙桥 don't have the Detail Field.
[WARNING]: file 40_罗隐.json's marker 南湖 don't have the Detail Field.
[WARNING]: file 41_皮日休.json's location 天门 maybe a foreign country location.
[WARNING]: file 41_皮日休.json's location 天门 maybe a foreign country location.
[WARNING]: file 41_皮日休.json's location 天门 maybe a foreign country location.
[WARNING]: file 41_皮日休.json's location 天门 (出生地) maybe a foreign country location.
[WARNING]: file 41_皮日休.json's marker 鹿门山 don't have the Detail Field.
[WARNING]: file 41_皮日休.json's marker 华山 don't have the Detail Field.
[WARNING]: file 41_皮日休.json's marker 天竺寺 don't have the Detail Field.
[WARNING]: file 42_司空图.json's marker 中条山 don't have the Detail Field.
[WARNING]: file 43_鱼玄机.json's marker 武关 don't have the Detail Field.
[WARNING]: file 43_鱼玄机.json's marker 鹦鹉洲 don't have the Detail Field.
[WARNING]: file 44_杜荀鹤.json's marker 九华山 don't have the Detail Field.
[WARNING]: file 44_杜荀鹤.json's marker 庐山 don't have the Detail Field.
[WARNING]: file 45_郑谷.json's location 涪陵 maybe a foreign country location.
[WARNING]: file 45_郑谷.json's location 万州 maybe a foreign country location.
[WARNING]: file 45_郑谷.json's location 奉节 maybe a foreign country location.
[WARNING]: file 45_郑谷.json's location 奉节 maybe a foreign country location.
[WARNING]: file 45_郑谷.json's location 巫山 maybe a foreign country location.
[WARNING]: file 45_郑谷.json's location 涪陵 maybe a foreign country location.
[WARNING]: file 45_郑谷.json's location 万州 maybe a foreign country location.
[WARNING]: file 45_郑谷.json's location 奉节 maybe a foreign country location.
[WARNING]: file 45_郑谷.json's location 巫山 maybe a foreign country location.
[WARNING]: file 45_郑谷.json's marker 岳阳楼 don't have the Detail Field.
[WARNING]: file 45_郑谷.json's marker 庐山 don't have the Detail Field.
[WARNING]: file 45_郑谷.json's marker 青龙寺 don't have the Detail Field.
[WARNING]: file 45_郑谷.json's marker 洞庭湖 don't have the Detail Field.
[WARNING]: file 45_郑谷.json's marker 中条山 don't have the Detail Field.
[WARNING]: file 45_郑谷.json's marker 嵩山 don't have the Detail Field.
[WARNING]: file 45_郑谷.json's marker 西陵峡 don't have the Detail Field.
[WARNING]: file 45_郑谷.json's marker 华山 don't have the Detail Field.
[WARNING]: file 45_郑谷.json's marker 仰山 don't have the Detail Field.
[WARNING]: file 46_崔涂.json's location 奉节 maybe a foreign country location.
[WARNING]: file 46_崔涂.json's location 合川 maybe a foreign country location.
[WARNING]: file 46_崔涂.json's location 巫山 maybe a foreign country location.
[WARNING]: file 46_崔涂.json's location 奉节 maybe a foreign country location.
[WARNING]: file 46_崔涂.json's location 合川 maybe a foreign country location.
[WARNING]: file 46_崔涂.json's location 巫山 maybe a foreign country location.
[WARNING]: file 46_崔涂.json's marker 鹦鹉洲 don't have the Detail Field.
[WARNING]: file 46_崔涂.json's marker 昭君村 don't have the Detail Field.
[WARNING]: file 46_崔涂.json's marker 屈原庙 don't have the Detail Field.
[WARNING]: file 47_徐铉.json's location 北京 maybe a foreign country location.
[WARNING]: file 47_徐铉.json's location 北京 maybe a foreign country location.
[WARNING]: file 47_徐铉.json's marker 西山 don't have the Detail Field.
[WARNING]: file 47_徐铉.json's marker 九华山 don't have the Detail Field.
[WARNING]: file 49_王禹偁.json's marker 南园 don't have the Detail Field.
[WARNING]: file 49_王禹偁.json's marker 琅琊山 don't have the Detail Field.
[WARNING]: file 4_杨炯.json's location 奉节 maybe a foreign country location.
[WARNING]: file 4_杨炯.json's location 奉节 maybe a foreign country location.
[WARNING]: file 4_杨炯.json's location 三峡 maybe a foreign country location.
[WARNING]: file 4_杨炯.json's marker 三峡 don't have the Detail Field.
[WARNING]: file 50_寇准.json's marker 华山 don't have the Detail Field.
[WARNING]: file 51_丁谓.json's location 奉节 maybe a foreign country location.
[WARNING]: file 51_丁谓.json's location 奉节 maybe a foreign country location.
[WARNING]: file 51_丁谓.json's marker 泰山 don't have the Detail Field.
[WARNING]: file 51_丁谓.json's marker 虎丘 don't have the Detail Field.
[WARNING]: file 52_林逋.json's marker 采石矶 don't have the Detail Field.
[WARNING]: file 52_林逋.json's marker 灵隐寺 don't have the Detail Field.
[WARNING]: file 53_杨亿.json's marker 武夷山 don't have the Detail Field.
[WARNING]: file 55_张先.json's location 重庆 maybe a foreign country location.
[WARNING]: file 55_张先.json's location 重庆 maybe a foreign country location.
[WARNING]: file 55_张先.json's marker 有美堂 don't have the Detail Field.
[WARNING]: file 55_张先.json's marker 西湖 don't have the Detail Field.
[WARNING]: file 56_宋庠.json's location 北京 maybe a foreign country location.
[WARNING]: file 56_宋庠.json's location 北京 maybe a foreign country location.
[WARNING]: file 56_宋庠.json's marker 白兆山 don't have the Detail Field.
[WARNING]: file 56_宋庠.json's marker 大明寺 don't have the Detail Field.
[WARNING]: file 57_包拯.json's marker 七星岩 don't have the Detail Field.
[WARNING]: file 59_富弼.json's location 万州 maybe a foreign country location.
[WARNING]: file 59_富弼.json's location 万州 maybe a foreign country location.
[WARNING]: file 59_富弼.json's marker 云门山 don't have the Detail Field.
[WARNING]: file 5_王勃.json's location 越南河内 maybe a foreign country location.
[WARNING]: file 5_王勃.json's location 越南河内 maybe a foreign country location.
[WARNING]: file 61_张方平.json's location 北京 maybe a foreign country location.
[WARNING]: file 61_张方平.json's location 北京 maybe a foreign country location.
[WARNING]: file 61_张方平.json's marker 泰山 don't have the Detail Field.
[WARNING]: file 61_张方平.json's marker 钱塘江 don't have the Detail Field.
[WARNING]: file 61_张方平.json's marker 剑门关 don't have the Detail Field.
[WARNING]: file 62_欧阳修.json's marker 金山寺 don't have the Detail Field.
[WARNING]: file 62_欧阳修.json's marker 甘露寺 don't have the Detail Field.
[WARNING]: file 62_欧阳修.json's marker 琵琶亭 don't have the Detail Field.
[WARNING]: file 62_欧阳修.json's marker 嵩山 don't have the Detail Field.
[WARNING]: file 62_欧阳修.json's marker 洞庭湖 don't have the Detail Field.
[WARNING]: file 62_欧阳修.json's marker 至喜亭 don't have the Detail Field.
[WARNING]: file 62_欧阳修.json's marker 三游洞 don't have the Detail Field.
[WARNING]: file 62_欧阳修.json's marker 下牢溪 don't have the Detail Field.
[WARNING]: file 62_欧阳修.json's marker 岘山 don't have the Detail Field.
[WARNING]: file 62_欧阳修.json's marker 绛守居园池 don't have the Detail Field.
[WARNING]: file 62_欧阳修.json's marker 琅琊山 don't have the Detail Field.
[WARNING]: file 62_欧阳修.json's marker 丰乐亭 don't have the Detail Field.
[WARNING]: file 62_欧阳修.json's marker 醉翁亭 don't have the Detail Field.
[WARNING]: file 62_欧阳修.json's marker 西园 don't have the Detail Field.
[WARNING]: file 63_赵抃.json's location 万州 maybe a foreign country location.
[WARNING]: file 63_赵抃.json's location 忠县 maybe a foreign country location.
[WARNING]: file 63_赵抃.json's location 万州 maybe a foreign country location.
[WARNING]: file 63_赵抃.json's location 忠县 maybe a foreign country location.
[WARNING]: file 63_赵抃.json's marker 鹦鹉洲 don't have the Detail Field.
[WARNING]: file 63_赵抃.json's marker 剑门关 don't have the Detail Field.
[WARNING]: file 63_赵抃.json's marker 天台山 don't have the Detail Field.
[WARNING]: file 63_赵抃.json's marker 雁荡山 don't have the Detail Field.
[WARNING]: file 63_赵抃.json's marker 洞霄宫 don't have the Detail Field.
[WARNING]: file 64_苏洵.json's location 奉节 maybe a foreign country location.
[WARNING]: file 64_苏洵.json's location 重庆 maybe a foreign country location.
[WARNING]: file 64_苏洵.json's location 涪陵 maybe a foreign country location.
[WARNING]: file 64_苏洵.json's location 丰都 maybe a foreign country location.
[WARNING]: file 64_苏洵.json's location 万州 maybe a foreign country location.
[WARNING]: file 64_苏洵.json's location 奉节 maybe a foreign country location.
[WARNING]: file 64_苏洵.json's location 巫山 maybe a foreign country location.
[WARNING]: file 64_苏洵.json's location 奉节 maybe a foreign country location.
[WARNING]: file 64_苏洵.json's location 重庆 maybe a foreign country location.
[WARNING]: file 64_苏洵.json's location 涪陵 maybe a foreign country location.
[WARNING]: file 64_苏洵.json's location 丰都 maybe a foreign country location.
[WARNING]: file 64_苏洵.json's location 万州 maybe a foreign country location.
[WARNING]: file 64_苏洵.json's location 巫山 maybe a foreign country location.
[WARNING]: file 64_苏洵.json's marker 峨眉山 don't have the Detail Field.
[WARNING]: file 64_苏洵.json's location 三峡 maybe a foreign country location.
[WARNING]: file 64_苏洵.json's marker 三峡 don't have the Detail Field.
[WARNING]: file 64_苏洵.json's marker 华山 don't have the Detail Field.
[WARNING]: file 64_苏洵.json's marker 终南山 don't have the Detail Field.
[WARNING]: file 64_苏洵.json's marker 庐山 don't have the Detail Field.
[WARNING]: file 64_苏洵.json's marker 大圣慈寺 don't have the Detail Field.
[WARNING]: file 64_苏洵.json's marker 函谷关 don't have the Detail Field.
[WARNING]: file 64_苏洵.json's location 白帝庙 maybe a foreign country location.
[WARNING]: file 64_苏洵.json's marker 白帝庙 don't have the Detail Field.
[WARNING]: file 64_苏洵.json's marker 三游洞 don't have the Detail Field.
[WARNING]: file 64_苏洵.json's marker 惠泉 don't have the Detail Field.
[WARNING]: file 64_苏洵.json's marker 万山 don't have the Detail Field.
[WARNING]: file 65_吴中复.json's marker 齐山 don't have the Detail Field.
[WARNING]: file 65_吴中复.json's marker 浣花溪 don't have the Detail Field.
[WARNING]: file 65_吴中复.json's marker 终南山 don't have the Detail Field.
[WARNING]: file 66_苏颂.json's location 天门 maybe a foreign country location.
[WARNING]: file 66_苏颂.json's location 天门 maybe a foreign country location.
[WARNING]: file 67_冯京.json's marker 潜山 don't have the Detail Field.
[WARNING]: file 68_郑獬.json's marker 西湖 don't have the Detail Field.
[WARNING]: file 6_宋之问.json's marker 嵩山 don't have the Detail Field.
[WARNING]: file 6_宋之问.json's marker 龙门山 don't have the Detail Field.
[WARNING]: file 6_宋之问.json's marker 汉水 don't have the Detail Field.
[WARNING]: file 6_宋之问.json's marker 荐福寺 don't have the Detail Field.
[WARNING]: file 6_宋之问.json's marker 北固山 don't have the Detail Field.
[WARNING]: file 6_宋之问.json's marker 虎丘山 don't have the Detail Field.
[WARNING]: file 6_宋之问.json's marker 钱塘江 don't have the Detail Field.
[WARNING]: file 6_宋之问.json's marker 天竺寺 don't have the Detail Field.
[WARNING]: file 6_宋之问.json's marker 禹庙 don't have the Detail Field.
[WARNING]: file 6_宋之问.json's marker 镜湖 don't have the Detail Field.
[WARNING]: file 6_宋之问.json's marker 云门寺 don't have the Detail Field.
[WARNING]: file 6_宋之问.json's marker 若耶溪 don't have the Detail Field.
[WARNING]: file 6_宋之问.json's marker 衡山 don't have the Detail Field.
[WARNING]: file 6_宋之问.json's marker 端溪 don't have the Detail Field.
[WARNING]: file 6_宋之问.json's marker 逍遥楼 don't have the Detail Field.
[WARNING]: file 6_宋之问.json's marker 越王台 don't have the Detail Field.
[WARNING]: file 70_杨绘.json's marker 天竺山 don't have the Detail Field.
[WARNING]: file 70_杨绘.json's marker 西湖 don't have the Detail Field.